#
# A fatal error has been detected by the Java Runtime Environment:
#
#  EXCEPTION_ACCESS_VIOLATION (0xc0000005) at pc=0x000000005e97d8dc, pid=9988, tid=10672
#
# JRE version: Java(TM) SE Runtime Environment (10.0.2+13) (build 10.0.2+13)
# Java VM: Java HotSpot(TM) 64-Bit Server VM (10.0.2+13, mixed mode, tiered, compressed oops, g1 gc, windows-amd64)
# Problematic frame:
# V  [jvm.dll+0x31d8dc]
#
# No core dump will be written. Minidumps are not enabled by default on client versions of Windows
#
# If you would like to submit a bug report, please visit:
#   http://bugreport.java.com/bugreport/crash.jsp
#

---------------  S U M M A R Y ------------

Command Line: -agentlib:jdwp=transport=dt_socket,address=127.0.0.1:57673,suspend=y,server=n -javaagent:C:\Users\Carlos-PC\.IntelliJIdea2018.2\system\captureAgent\debugger-agent.jar=file:/C:/Users/Carlos-PC/AppData/Local/Temp/capture.props -Dfile.encoding=UTF-8 com.leetcode.designlinkedlist.Main

Host: Intel(R) Core(TM) i5-3570K CPU @ 3.40GHz, 4 cores, 7G,  Windows 10 , 64 bit Build 17134 (10.0.17134.1)
Time: Tue Sep 25 22:59:54 2018 GMT Daylight Time elapsed time: 179 seconds (0d 0h 2m 59s)

---------------  T H R E A D  ---------------

Current thread (0x000001527a26b800):  VMThread "VM Thread" [stack: 0x00000014d0500000,0x00000014d0600000] [id=10672]

Stack: [0x00000014d0500000,0x00000014d0600000],  sp=0x00000014d05fed90,  free space=1019k
Native frames: (J=compiled Java code, j=interpreted, Vv=VM code, C=native code)
V  [jvm.dll+0x31d8dc]
V  [jvm.dll+0x31fd0b]
V  [jvm.dll+0x32034e]
V  [jvm.dll+0x31da85]
V  [jvm.dll+0x31cee3]
V  [jvm.dll+0x59097f]
V  [jvm.dll+0x590d66]
V  [jvm.dll+0x590b26]
V  [jvm.dll+0x55c148]
V  [jvm.dll+0x473bca]
V  [jvm.dll+0x6c47bc]
V  [jvm.dll+0x6c2f25]
V  [jvm.dll+0x6c3730]
V  [jvm.dll+0x6c3a6c]
V  [jvm.dll+0x59f4b0]
C  [msvcr120.dll+0x24f7f]
C  [msvcr120.dll+0x25126]
C  [KERNEL32.DLL+0x13034]
C  [ntdll.dll+0x71461]


siginfo: EXCEPTION_ACCESS_VIOLATION (0xc0000005), reading address 0x0000000000000006


Register to memory mapping:

RIP=0x000000005e97d8dc jvm.dll
RAX=0x0000000000000000 is an unknown value
RBX=0x000001527a743870 is pointing into metadata
RCX=0x0000000000000000 is an unknown value
RDX=0x0000000000000000 is an unknown value
RSP=0x00000014d05fed90 is an unknown value
RBP=0x0000000000000001 is an unknown value
RSI=0x000000005effac28 jvm.dll
RDI=0x00000014d05ff030 is an unknown value
R8 =0x0000000000000000 is an unknown value
R9 =0x000001527a743870 is pointing into metadata
R10=0x000001527a204b30 is an unknown value
R11=0x000001527a204b00 is an unknown value
R12=0x000000005eddd601 jvm.dll
R13=0x0000000000000000 is an unknown value
R14=0x0000000000000000 is an unknown value
R15=0x0000000000000000 is an unknown value


Registers:
RAX=0x0000000000000000, RBX=0x000001527a743870, RCX=0x0000000000000000, RDX=0x0000000000000000
RSP=0x00000014d05fed90, RBP=0x0000000000000001, RSI=0x000000005effac28, RDI=0x00000014d05ff030
R8 =0x0000000000000000, R9 =0x000001527a743870, R10=0x000001527a204b30, R11=0x000001527a204b00
R12=0x000000005eddd601, R13=0x0000000000000000, R14=0x0000000000000000, R15=0x0000000000000000
RIP=0x000000005e97d8dc, EFLAGS=0x0000000000010206

Top of Stack: (sp=0x00000014d05fed90)
0x00000014d05fed90:   00000014d05ff1ff 00000014d05ff030
0x00000014d05feda0:   00000014d05fef00 0000000000000000
0x00000014d05fedb0:   0000000000000000 000000005ebf1886
0x00000014d05fedc0:   0000000000000000 00000000000000ac
0x00000014d05fedd0:   000013439739e13f 0000000000000005
0x00000014d05fede0:   0000000000000000 00000014d05fee80
0x00000014d05fedf0:   00000014d05ff030 000000005e97fd0b
0x00000014d05fee00:   00000014d05ff030 0000000000000002
0x00000014d05fee10:   00000014d05feeb0 00000014d05ff030
0x00000014d05fee20:   0000002e00000002 000000ac0000002e
0x00000014d05fee30:   0000000000000000 0000000000000008
0x00000014d05fee40:   000001527a204a10 000000005e98034e
0x00000014d05fee50:   00000014d05ff030 00000014d05feeb0
0x00000014d05fee60:   0000000000000000 000001527a204a10
0x00000014d05fee70:   0000000000006000 000000005e9821f1
0x00000014d05fee80:   000001527a743cd8 000001527a26b800 

Instructions: (pc=0x000000005e97d8dc)
0x000000005e97d8bc:   8b cb e8 9d 10 f1 ff 48 8b cb 8b d0 e8 c3 37 f1
0x000000005e97d8cc:   ff 48 8d 35 54 d3 67 00 48 63 c8 48 8b 44 cb 40
0x000000005e97d8dc:   0f b6 48 06 8b 05 3e d3 67 00 80 f9 4c 74 2b 80
0x000000005e97d8ec:   f9 5b 74 26 80 f9 4a 74 18 80 f9 44 74 13 48 8d 


VM_Operation (0x00000014d0eff530): GetOrSetLocal, mode: safepoint, requested by thread 0x000001527ae28800


---------------  P R O C E S S  ---------------

Threads class SMR info:
_java_thread_list=0x000001527b053d10, length=14, elements={
0x0000015267e55800, 0x000001527a280000, 0x000001527a276800, 0x000001527abe2800,
0x000001527abe3000, 0x000001527a28e800, 0x000001527a295800, 0x000001527a299800,
0x000001527a2a2000, 0x000001527ae28800, 0x000001527af63800, 0x000001527ae4a000,
0x000001527ae4c800, 0x000001527ae5b000
}

Java Threads: ( => current thread )
  0x0000015267e55800 JavaThread "main" [_thread_blocked, id=4312, stack(0x00000014cf900000,0x00000014cfa00000)]
  0x000001527a280000 JavaThread "Reference Handler" daemon [_thread_blocked, id=9628, stack(0x00000014d0600000,0x00000014d0700000)]
  0x000001527a276800 JavaThread "Finalizer" daemon [_thread_blocked, id=664, stack(0x00000014d0700000,0x00000014d0800000)]
  0x000001527abe2800 JavaThread "Signal Dispatcher" daemon [_thread_blocked, id=8504, stack(0x00000014d0800000,0x00000014d0900000)]
  0x000001527abe3000 JavaThread "Attach Listener" daemon [_thread_blocked, id=13108, stack(0x00000014d0900000,0x00000014d0a00000)]
  0x000001527a28e800 JavaThread "C2 CompilerThread0" daemon [_thread_blocked, id=13044, stack(0x00000014d0a00000,0x00000014d0b00000)]
  0x000001527a295800 JavaThread "C2 CompilerThread1" daemon [_thread_blocked, id=7712, stack(0x00000014d0b00000,0x00000014d0c00000)]
  0x000001527a299800 JavaThread "C1 CompilerThread2" daemon [_thread_blocked, id=13120, stack(0x00000014d0c00000,0x00000014d0d00000)]
  0x000001527a2a2000 JavaThread "Sweeper thread" daemon [_thread_blocked, id=9472, stack(0x00000014d0d00000,0x00000014d0e00000)]
  0x000001527ae28800 JavaThread "JDWP Transport Listener: dt_socket" daemon [_thread_blocked, id=6324, stack(0x00000014d0e00000,0x00000014d0f00000)] _threads_hazard_ptr=0x000001527b053d10
  0x000001527af63800 JavaThread "JDWP Event Helper Thread" daemon [_thread_blocked, id=11712, stack(0x00000014d0f00000,0x00000014d1000000)]
  0x000001527ae4a000 JavaThread "JDWP Command Reader" daemon [_thread_in_native, id=320, stack(0x00000014d1000000,0x00000014d1100000)]
  0x000001527ae4c800 JavaThread "Common-Cleaner" daemon [_thread_blocked, id=8316, stack(0x00000014d1100000,0x00000014d1200000)]
  0x000001527ae5b000 JavaThread "Service Thread" daemon [_thread_blocked, id=11960, stack(0x00000014d1200000,0x00000014d1300000)]

Other Threads:
=>0x000001527a26b800 VMThread "VM Thread" [stack: 0x00000014d0500000,0x00000014d0600000] [id=10672]
  0x000001527ae5c800 WatcherThread [stack: 0x00000014d1300000,0x00000014d1400000] [id=5536]
  0x0000015267e6e800 GCTaskThread "GC Thread#0" [stack: 0x00000014cfa00000,0x00000014cfb00000] [id=10388]
  0x0000015267e70000 GCTaskThread "GC Thread#1" [stack: 0x00000014cfb00000,0x00000014cfc00000] [id=9244]
  0x0000015267e71800 GCTaskThread "GC Thread#2" [stack: 0x00000014cfc00000,0x00000014cfd00000] [id=196]
  0x0000015267e74000 GCTaskThread "GC Thread#3" [stack: 0x00000014cfd00000,0x00000014cfe00000] [id=9108]
  0x0000015267eda000 ConcurrentGCThread "G1 Main Marker" [stack: 0x00000014cfe00000,0x00000014cff00000] [id=11836]
  0x0000015267edd800 ConcurrentGCThread "G1 Conc#0" [stack: 0x00000014cff00000,0x00000014d0000000] [id=8740]
  0x000001527a0e9800 ConcurrentGCThread "G1 Refine#0" [stack: 0x00000014d0000000,0x00000014d0100000] [id=9464]
  0x0000015267f2e000 ConcurrentGCThread "G1 Refine#1" [stack: 0x00000014d0100000,0x00000014d0200000] [id=10012]
  0x000001527a0ea800 ConcurrentGCThread "G1 Refine#2" [stack: 0x00000014d0200000,0x00000014d0300000] [id=4028]
  0x000001527a0ec000 ConcurrentGCThread "G1 Refine#3" [stack: 0x00000014d0300000,0x00000014d0400000] [id=9816]
  0x000001527a0ff800 ConcurrentGCThread "G1 Young RemSet Sampling" [stack: 0x00000014d0400000,0x00000014d0500000] [id=4488]

Threads with active compile tasks:

VM state:at safepoint (normal execution)

VM Mutex/Monitor currently owned by a thread:  ([mutex/lock_event])
[0x0000015267e54800] Threads_lock - owner thread: 0x000001527a26b800

Heap address: 0x0000000080c00000, size: 2036 MB, Compressed Oops mode: 32-bit
Narrow klass base: 0x0000000000000000, Narrow klass shift: 3
Compressed class space size: 1073741824 Address: 0x0000000100000000

Heap:
 garbage-first heap   total 131072K, used 2048K [0x0000000080c00000, 0x0000000100000000)
  region size 1024K, 3 young (3072K), 0 survivors (0K)
 Metaspace       used 5178K, capacity 5328K, committed 5376K, reserved 1056768K
  class space    used 436K, capacity 496K, committed 512K, reserved 1048576K
Heap Regions: E=young(eden), S=young(survivor), O=old, HS=humongous(starts), HC=humongous(continues), CS=collection set, F=free, A=archive, TS=gc time stamp, AC=allocation context, TAMS=top-at-mark-start (previous, next)
|   0|0x0000000080c00000, 0x0000000080c00000, 0x0000000080d00000|  0%| F|  |TS  0|AC  0|TAMS 0x0000000080c00000, 0x0000000080c00000|
|   1|0x0000000080d00000, 0x0000000080d00000, 0x0000000080e00000|  0%| F|  |TS  0|AC  0|TAMS 0x0000000080d00000, 0x0000000080d00000|
|   2|0x0000000080e00000, 0x0000000080e00000, 0x0000000080f00000|  0%| F|  |TS  0|AC  0|TAMS 0x0000000080e00000, 0x0000000080e00000|
|   3|0x0000000080f00000, 0x0000000080f00000, 0x0000000081000000|  0%| F|  |TS  0|AC  0|TAMS 0x0000000080f00000, 0x0000000080f00000|
|   4|0x0000000081000000, 0x0000000081000000, 0x0000000081100000|  0%| F|  |TS  0|AC  0|TAMS 0x0000000081000000, 0x0000000081000000|
|   5|0x0000000081100000, 0x0000000081100000, 0x0000000081200000|  0%| F|  |TS  0|AC  0|TAMS 0x0000000081100000, 0x0000000081100000|
|   6|0x0000000081200000, 0x0000000081200000, 0x0000000081300000|  0%| F|  |TS  0|AC  0|TAMS 0x0000000081200000, 0x0000000081200000|
|   7|0x0000000081300000, 0x0000000081300000, 0x0000000081400000|  0%| F|  |TS  0|AC  0|TAMS 0x0000000081300000, 0x0000000081300000|
|   8|0x0000000081400000, 0x0000000081400000, 0x0000000081500000|  0%| F|  |TS  0|AC  0|TAMS 0x0000000081400000, 0x0000000081400000|
|   9|0x0000000081500000, 0x0000000081500000, 0x0000000081600000|  0%| F|  |TS  0|AC  0|TAMS 0x0000000081500000, 0x0000000081500000|
|  10|0x0000000081600000, 0x0000000081600000, 0x0000000081700000|  0%| F|  |TS  0|AC  0|TAMS 0x0000000081600000, 0x0000000081600000|
|  11|0x0000000081700000, 0x0000000081700000, 0x0000000081800000|  0%| F|  |TS  0|AC  0|TAMS 0x0000000081700000, 0x0000000081700000|
|  12|0x0000000081800000, 0x0000000081800000, 0x0000000081900000|  0%| F|  |TS  0|AC  0|TAMS 0x0000000081800000, 0x0000000081800000|
|  13|0x0000000081900000, 0x0000000081900000, 0x0000000081a00000|  0%| F|  |TS  0|AC  0|TAMS 0x0000000081900000, 0x0000000081900000|
|  14|0x0000000081a00000, 0x0000000081a00000, 0x0000000081b00000|  0%| F|  |TS  0|AC  0|TAMS 0x0000000081a00000, 0x0000000081a00000|
|  15|0x0000000081b00000, 0x0000000081b00000, 0x0000000081c00000|  0%| F|  |TS  0|AC  0|TAMS 0x0000000081b00000, 0x0000000081b00000|
|  16|0x0000000081c00000, 0x0000000081c00000, 0x0000000081d00000|  0%| F|  |TS  0|AC  0|TAMS 0x0000000081c00000, 0x0000000081c00000|
|  17|0x0000000081d00000, 0x0000000081d00000, 0x0000000081e00000|  0%| F|  |TS  0|AC  0|TAMS 0x0000000081d00000, 0x0000000081d00000|
|  18|0x0000000081e00000, 0x0000000081e00000, 0x0000000081f00000|  0%| F|  |TS  0|AC  0|TAMS 0x0000000081e00000, 0x0000000081e00000|
|  19|0x0000000081f00000, 0x0000000081f00000, 0x0000000082000000|  0%| F|  |TS  0|AC  0|TAMS 0x0000000081f00000, 0x0000000081f00000|
|  20|0x0000000082000000, 0x0000000082000000, 0x0000000082100000|  0%| F|  |TS  0|AC  0|TAMS 0x0000000082000000, 0x0000000082000000|
|  21|0x0000000082100000, 0x0000000082100000, 0x0000000082200000|  0%| F|  |TS  0|AC  0|TAMS 0x0000000082100000, 0x0000000082100000|
|  22|0x0000000082200000, 0x0000000082200000, 0x0000000082300000|  0%| F|  |TS  0|AC  0|TAMS 0x0000000082200000, 0x0000000082200000|
|  23|0x0000000082300000, 0x0000000082300000, 0x0000000082400000|  0%| F|  |TS  0|AC  0|TAMS 0x0000000082300000, 0x0000000082300000|
|  24|0x0000000082400000, 0x0000000082400000, 0x0000000082500000|  0%| F|  |TS  0|AC  0|TAMS 0x0000000082400000, 0x0000000082400000|
|  25|0x0000000082500000, 0x0000000082500000, 0x0000000082600000|  0%| F|  |TS  0|AC  0|TAMS 0x0000000082500000, 0x0000000082500000|
|  26|0x0000000082600000, 0x0000000082600000, 0x0000000082700000|  0%| F|  |TS  0|AC  0|TAMS 0x0000000082600000, 0x0000000082600000|
|  27|0x0000000082700000, 0x0000000082700000, 0x0000000082800000|  0%| F|  |TS  0|AC  0|TAMS 0x0000000082700000, 0x0000000082700000|
|  28|0x0000000082800000, 0x0000000082800000, 0x0000000082900000|  0%| F|  |TS  0|AC  0|TAMS 0x0000000082800000, 0x0000000082800000|
|  29|0x0000000082900000, 0x0000000082900000, 0x0000000082a00000|  0%| F|  |TS  0|AC  0|TAMS 0x0000000082900000, 0x0000000082900000|
|  30|0x0000000082a00000, 0x0000000082a00000, 0x0000000082b00000|  0%| F|  |TS  0|AC  0|TAMS 0x0000000082a00000, 0x0000000082a00000|
|  31|0x0000000082b00000, 0x0000000082b00000, 0x0000000082c00000|  0%| F|  |TS  0|AC  0|TAMS 0x0000000082b00000, 0x0000000082b00000|
|  32|0x0000000082c00000, 0x0000000082c00000, 0x0000000082d00000|  0%| F|  |TS  0|AC  0|TAMS 0x0000000082c00000, 0x0000000082c00000|
|  33|0x0000000082d00000, 0x0000000082d00000, 0x0000000082e00000|  0%| F|  |TS  0|AC  0|TAMS 0x0000000082d00000, 0x0000000082d00000|
|  34|0x0000000082e00000, 0x0000000082e00000, 0x0000000082f00000|  0%| F|  |TS  0|AC  0|TAMS 0x0000000082e00000, 0x0000000082e00000|
|  35|0x0000000082f00000, 0x0000000082f00000, 0x0000000083000000|  0%| F|  |TS  0|AC  0|TAMS 0x0000000082f00000, 0x0000000082f00000|
|  36|0x0000000083000000, 0x0000000083000000, 0x0000000083100000|  0%| F|  |TS  0|AC  0|TAMS 0x0000000083000000, 0x0000000083000000|
|  37|0x0000000083100000, 0x0000000083100000, 0x0000000083200000|  0%| F|  |TS  0|AC  0|TAMS 0x0000000083100000, 0x0000000083100000|
|  38|0x0000000083200000, 0x0000000083200000, 0x0000000083300000|  0%| F|  |TS  0|AC  0|TAMS 0x0000000083200000, 0x0000000083200000|
|  39|0x0000000083300000, 0x0000000083300000, 0x0000000083400000|  0%| F|  |TS  0|AC  0|TAMS 0x0000000083300000, 0x0000000083300000|
|  40|0x0000000083400000, 0x0000000083400000, 0x0000000083500000|  0%| F|  |TS  0|AC  0|TAMS 0x0000000083400000, 0x0000000083400000|
|  41|0x0000000083500000, 0x0000000083500000, 0x0000000083600000|  0%| F|  |TS  0|AC  0|TAMS 0x0000000083500000, 0x0000000083500000|
|  42|0x0000000083600000, 0x0000000083600000, 0x0000000083700000|  0%| F|  |TS  0|AC  0|TAMS 0x0000000083600000, 0x0000000083600000|
|  43|0x0000000083700000, 0x0000000083700000, 0x0000000083800000|  0%| F|  |TS  0|AC  0|TAMS 0x0000000083700000, 0x0000000083700000|
|  44|0x0000000083800000, 0x0000000083800000, 0x0000000083900000|  0%| F|  |TS  0|AC  0|TAMS 0x0000000083800000, 0x0000000083800000|
|  45|0x0000000083900000, 0x0000000083900000, 0x0000000083a00000|  0%| F|  |TS  0|AC  0|TAMS 0x0000000083900000, 0x0000000083900000|
|  46|0x0000000083a00000, 0x0000000083a00000, 0x0000000083b00000|  0%| F|  |TS  0|AC  0|TAMS 0x0000000083a00000, 0x0000000083a00000|
|  47|0x0000000083b00000, 0x0000000083b00000, 0x0000000083c00000|  0%| F|  |TS  0|AC  0|TAMS 0x0000000083b00000, 0x0000000083b00000|
|  48|0x0000000083c00000, 0x0000000083c00000, 0x0000000083d00000|  0%| F|  |TS  0|AC  0|TAMS 0x0000000083c00000, 0x0000000083c00000|
|  49|0x0000000083d00000, 0x0000000083d00000, 0x0000000083e00000|  0%| F|  |TS  0|AC  0|TAMS 0x0000000083d00000, 0x0000000083d00000|
|  50|0x0000000083e00000, 0x0000000083e00000, 0x0000000083f00000|  0%| F|  |TS  0|AC  0|TAMS 0x0000000083e00000, 0x0000000083e00000|
|  51|0x0000000083f00000, 0x0000000083f00000, 0x0000000084000000|  0%| F|  |TS  0|AC  0|TAMS 0x0000000083f00000, 0x0000000083f00000|
|  52|0x0000000084000000, 0x0000000084000000, 0x0000000084100000|  0%| F|  |TS  0|AC  0|TAMS 0x0000000084000000, 0x0000000084000000|
|  53|0x0000000084100000, 0x0000000084100000, 0x0000000084200000|  0%| F|  |TS  0|AC  0|TAMS 0x0000000084100000, 0x0000000084100000|
|  54|0x0000000084200000, 0x0000000084200000, 0x0000000084300000|  0%| F|  |TS  0|AC  0|TAMS 0x0000000084200000, 0x0000000084200000|
|  55|0x0000000084300000, 0x0000000084300000, 0x0000000084400000|  0%| F|  |TS  0|AC  0|TAMS 0x0000000084300000, 0x0000000084300000|
|  56|0x0000000084400000, 0x0000000084400000, 0x0000000084500000|  0%| F|  |TS  0|AC  0|TAMS 0x0000000084400000, 0x0000000084400000|
|  57|0x0000000084500000, 0x0000000084500000, 0x0000000084600000|  0%| F|  |TS  0|AC  0|TAMS 0x0000000084500000, 0x0000000084500000|
|  58|0x0000000084600000, 0x0000000084600000, 0x0000000084700000|  0%| F|  |TS  0|AC  0|TAMS 0x0000000084600000, 0x0000000084600000|
|  59|0x0000000084700000, 0x0000000084700000, 0x0000000084800000|  0%| F|  |TS  0|AC  0|TAMS 0x0000000084700000, 0x0000000084700000|
|  60|0x0000000084800000, 0x0000000084800000, 0x0000000084900000|  0%| F|  |TS  0|AC  0|TAMS 0x0000000084800000, 0x0000000084800000|
|  61|0x0000000084900000, 0x0000000084900000, 0x0000000084a00000|  0%| F|  |TS  0|AC  0|TAMS 0x0000000084900000, 0x0000000084900000|
|  62|0x0000000084a00000, 0x0000000084a00000, 0x0000000084b00000|  0%| F|  |TS  0|AC  0|TAMS 0x0000000084a00000, 0x0000000084a00000|
|  63|0x0000000084b00000, 0x0000000084b00000, 0x0000000084c00000|  0%| F|  |TS  0|AC  0|TAMS 0x0000000084b00000, 0x0000000084b00000|
|  64|0x0000000084c00000, 0x0000000084c00000, 0x0000000084d00000|  0%| F|  |TS  0|AC  0|TAMS 0x0000000084c00000, 0x0000000084c00000|
|  65|0x0000000084d00000, 0x0000000084d00000, 0x0000000084e00000|  0%| F|  |TS  0|AC  0|TAMS 0x0000000084d00000, 0x0000000084d00000|
|  66|0x0000000084e00000, 0x0000000084e00000, 0x0000000084f00000|  0%| F|  |TS  0|AC  0|TAMS 0x0000000084e00000, 0x0000000084e00000|
|  67|0x0000000084f00000, 0x0000000084f00000, 0x0000000085000000|  0%| F|  |TS  0|AC  0|TAMS 0x0000000084f00000, 0x0000000084f00000|
|  68|0x0000000085000000, 0x0000000085000000, 0x0000000085100000|  0%| F|  |TS  0|AC  0|TAMS 0x0000000085000000, 0x0000000085000000|
|  69|0x0000000085100000, 0x0000000085100000, 0x0000000085200000|  0%| F|  |TS  0|AC  0|TAMS 0x0000000085100000, 0x0000000085100000|
|  70|0x0000000085200000, 0x0000000085200000, 0x0000000085300000|  0%| F|  |TS  0|AC  0|TAMS 0x0000000085200000, 0x0000000085200000|
|  71|0x0000000085300000, 0x0000000085300000, 0x0000000085400000|  0%| F|  |TS  0|AC  0|TAMS 0x0000000085300000, 0x0000000085300000|
|  72|0x0000000085400000, 0x0000000085400000, 0x0000000085500000|  0%| F|  |TS  0|AC  0|TAMS 0x0000000085400000, 0x0000000085400000|
|  73|0x0000000085500000, 0x0000000085500000, 0x0000000085600000|  0%| F|  |TS  0|AC  0|TAMS 0x0000000085500000, 0x0000000085500000|
|  74|0x0000000085600000, 0x0000000085600000, 0x0000000085700000|  0%| F|  |TS  0|AC  0|TAMS 0x0000000085600000, 0x0000000085600000|
|  75|0x0000000085700000, 0x0000000085700000, 0x0000000085800000|  0%| F|  |TS  0|AC  0|TAMS 0x0000000085700000, 0x0000000085700000|
|  76|0x0000000085800000, 0x0000000085800000, 0x0000000085900000|  0%| F|  |TS  0|AC  0|TAMS 0x0000000085800000, 0x0000000085800000|
|  77|0x0000000085900000, 0x0000000085900000, 0x0000000085a00000|  0%| F|  |TS  0|AC  0|TAMS 0x0000000085900000, 0x0000000085900000|
|  78|0x0000000085a00000, 0x0000000085a00000, 0x0000000085b00000|  0%| F|  |TS  0|AC  0|TAMS 0x0000000085a00000, 0x0000000085a00000|
|  79|0x0000000085b00000, 0x0000000085b00000, 0x0000000085c00000|  0%| F|  |TS  0|AC  0|TAMS 0x0000000085b00000, 0x0000000085b00000|
|  80|0x0000000085c00000, 0x0000000085c00000, 0x0000000085d00000|  0%| F|  |TS  0|AC  0|TAMS 0x0000000085c00000, 0x0000000085c00000|
|  81|0x0000000085d00000, 0x0000000085d00000, 0x0000000085e00000|  0%| F|  |TS  0|AC  0|TAMS 0x0000000085d00000, 0x0000000085d00000|
|  82|0x0000000085e00000, 0x0000000085e00000, 0x0000000085f00000|  0%| F|  |TS  0|AC  0|TAMS 0x0000000085e00000, 0x0000000085e00000|
|  83|0x0000000085f00000, 0x0000000085f00000, 0x0000000086000000|  0%| F|  |TS  0|AC  0|TAMS 0x0000000085f00000, 0x0000000085f00000|
|  84|0x0000000086000000, 0x0000000086000000, 0x0000000086100000|  0%| F|  |TS  0|AC  0|TAMS 0x0000000086000000, 0x0000000086000000|
|  85|0x0000000086100000, 0x0000000086100000, 0x0000000086200000|  0%| F|  |TS  0|AC  0|TAMS 0x0000000086100000, 0x0000000086100000|
|  86|0x0000000086200000, 0x0000000086200000, 0x0000000086300000|  0%| F|  |TS  0|AC  0|TAMS 0x0000000086200000, 0x0000000086200000|
|  87|0x0000000086300000, 0x0000000086300000, 0x0000000086400000|  0%| F|  |TS  0|AC  0|TAMS 0x0000000086300000, 0x0000000086300000|
|  88|0x0000000086400000, 0x0000000086400000, 0x0000000086500000|  0%| F|  |TS  0|AC  0|TAMS 0x0000000086400000, 0x0000000086400000|
|  89|0x0000000086500000, 0x0000000086500000, 0x0000000086600000|  0%| F|  |TS  0|AC  0|TAMS 0x0000000086500000, 0x0000000086500000|
|  90|0x0000000086600000, 0x0000000086600000, 0x0000000086700000|  0%| F|  |TS  0|AC  0|TAMS 0x0000000086600000, 0x0000000086600000|
|  91|0x0000000086700000, 0x0000000086700000, 0x0000000086800000|  0%| F|  |TS  0|AC  0|TAMS 0x0000000086700000, 0x0000000086700000|
|  92|0x0000000086800000, 0x0000000086800000, 0x0000000086900000|  0%| F|  |TS  0|AC  0|TAMS 0x0000000086800000, 0x0000000086800000|
|  93|0x0000000086900000, 0x0000000086900000, 0x0000000086a00000|  0%| F|  |TS  0|AC  0|TAMS 0x0000000086900000, 0x0000000086900000|
|  94|0x0000000086a00000, 0x0000000086a00000, 0x0000000086b00000|  0%| F|  |TS  0|AC  0|TAMS 0x0000000086a00000, 0x0000000086a00000|
|  95|0x0000000086b00000, 0x0000000086b00000, 0x0000000086c00000|  0%| F|  |TS  0|AC  0|TAMS 0x0000000086b00000, 0x0000000086b00000|
|  96|0x0000000086c00000, 0x0000000086c00000, 0x0000000086d00000|  0%| F|  |TS  0|AC  0|TAMS 0x0000000086c00000, 0x0000000086c00000|
|  97|0x0000000086d00000, 0x0000000086d00000, 0x0000000086e00000|  0%| F|  |TS  0|AC  0|TAMS 0x0000000086d00000, 0x0000000086d00000|
|  98|0x0000000086e00000, 0x0000000086e00000, 0x0000000086f00000|  0%| F|  |TS  0|AC  0|TAMS 0x0000000086e00000, 0x0000000086e00000|
|  99|0x0000000086f00000, 0x0000000086f00000, 0x0000000087000000|  0%| F|  |TS  0|AC  0|TAMS 0x0000000086f00000, 0x0000000086f00000|
| 100|0x0000000087000000, 0x0000000087000000, 0x0000000087100000|  0%| F|  |TS  0|AC  0|TAMS 0x0000000087000000, 0x0000000087000000|
| 101|0x0000000087100000, 0x0000000087100000, 0x0000000087200000|  0%| F|  |TS  0|AC  0|TAMS 0x0000000087100000, 0x0000000087100000|
| 102|0x0000000087200000, 0x0000000087200000, 0x0000000087300000|  0%| F|  |TS  0|AC  0|TAMS 0x0000000087200000, 0x0000000087200000|
| 103|0x0000000087300000, 0x0000000087300000, 0x0000000087400000|  0%| F|  |TS  0|AC  0|TAMS 0x0000000087300000, 0x0000000087300000|
| 104|0x0000000087400000, 0x0000000087400000, 0x0000000087500000|  0%| F|  |TS  0|AC  0|TAMS 0x0000000087400000, 0x0000000087400000|
| 105|0x0000000087500000, 0x0000000087500000, 0x0000000087600000|  0%| F|  |TS  0|AC  0|TAMS 0x0000000087500000, 0x0000000087500000|
| 106|0x0000000087600000, 0x0000000087600000, 0x0000000087700000|  0%| F|  |TS  0|AC  0|TAMS 0x0000000087600000, 0x0000000087600000|
| 107|0x0000000087700000, 0x0000000087700000, 0x0000000087800000|  0%| F|  |TS  0|AC  0|TAMS 0x0000000087700000, 0x0000000087700000|
| 108|0x0000000087800000, 0x0000000087800000, 0x0000000087900000|  0%| F|  |TS  0|AC  0|TAMS 0x0000000087800000, 0x0000000087800000|
| 109|0x0000000087900000, 0x0000000087900000, 0x0000000087a00000|  0%| F|  |TS  0|AC  0|TAMS 0x0000000087900000, 0x0000000087900000|
| 110|0x0000000087a00000, 0x0000000087a00000, 0x0000000087b00000|  0%| F|  |TS  0|AC  0|TAMS 0x0000000087a00000, 0x0000000087a00000|
| 111|0x0000000087b00000, 0x0000000087b00000, 0x0000000087c00000|  0%| F|  |TS  0|AC  0|TAMS 0x0000000087b00000, 0x0000000087b00000|
| 112|0x0000000087c00000, 0x0000000087c00000, 0x0000000087d00000|  0%| F|  |TS  0|AC  0|TAMS 0x0000000087c00000, 0x0000000087c00000|
| 113|0x0000000087d00000, 0x0000000087d00000, 0x0000000087e00000|  0%| F|  |TS  0|AC  0|TAMS 0x0000000087d00000, 0x0000000087d00000|
| 114|0x0000000087e00000, 0x0000000087e00000, 0x0000000087f00000|  0%| F|  |TS  0|AC  0|TAMS 0x0000000087e00000, 0x0000000087e00000|
| 115|0x0000000087f00000, 0x0000000087f00000, 0x0000000088000000|  0%| F|  |TS  0|AC  0|TAMS 0x0000000087f00000, 0x0000000087f00000|
| 116|0x0000000088000000, 0x0000000088000000, 0x0000000088100000|  0%| F|  |TS  0|AC  0|TAMS 0x0000000088000000, 0x0000000088000000|
| 117|0x0000000088100000, 0x0000000088100000, 0x0000000088200000|  0%| F|  |TS  0|AC  0|TAMS 0x0000000088100000, 0x0000000088100000|
| 118|0x0000000088200000, 0x0000000088200000, 0x0000000088300000|  0%| F|  |TS  0|AC  0|TAMS 0x0000000088200000, 0x0000000088200000|
| 119|0x0000000088300000, 0x0000000088300000, 0x0000000088400000|  0%| F|  |TS  0|AC  0|TAMS 0x0000000088300000, 0x0000000088300000|
| 120|0x0000000088400000, 0x0000000088400000, 0x0000000088500000|  0%| F|  |TS  0|AC  0|TAMS 0x0000000088400000, 0x0000000088400000|
| 121|0x0000000088500000, 0x0000000088500000, 0x0000000088600000|  0%| F|  |TS  0|AC  0|TAMS 0x0000000088500000, 0x0000000088500000|
| 122|0x0000000088600000, 0x0000000088600000, 0x0000000088700000|  0%| F|  |TS  0|AC  0|TAMS 0x0000000088600000, 0x0000000088600000|
| 123|0x0000000088700000, 0x0000000088700000, 0x0000000088800000|  0%| F|  |TS  0|AC  0|TAMS 0x0000000088700000, 0x0000000088700000|
| 124|0x0000000088800000, 0x0000000088800000, 0x0000000088900000|  0%| F|  |TS  0|AC  0|TAMS 0x0000000088800000, 0x0000000088800000|
| 125|0x0000000088900000, 0x000000008898fec8, 0x0000000088a00000| 56%| E|  |TS  0|AC  0|TAMS 0x0000000088900000, 0x0000000088900000|
| 126|0x0000000088a00000, 0x0000000088b00000, 0x0000000088b00000|100%| E|CS|TS  0|AC  0|TAMS 0x0000000088a00000, 0x0000000088a00000|
| 127|0x0000000088b00000, 0x0000000088c00000, 0x0000000088c00000|100%| E|CS|TS  0|AC  0|TAMS 0x0000000088b00000, 0x0000000088b00000|

Card table byte_map: [0x00000152735e0000,0x00000152739e0000] byte_map_base: 0x00000152731da000

Marking Bits (Prev, Next): (CMBitMap*) 0x0000015267ed94a0, (CMBitMap*) 0x0000015267ed94d8
 Prev Bits: [0x0000015273de0000, 0x0000015275db0000)
 Next Bits: [0x0000015275db0000, 0x0000015277d80000)

Polling page: 0x0000015265cc0000

CodeHeap 'non-profiled nmethods': size=120064Kb used=77Kb max_used=77Kb free=119986Kb
 bounds [0x0000015207ac0000, 0x0000015207d30000, 0x000001520f000000]
CodeHeap 'profiled nmethods': size=120000Kb used=296Kb max_used=296Kb free=119703Kb
 bounds [0x0000015200590000, 0x0000015200800000, 0x0000015207ac0000]
CodeHeap 'non-nmethods': size=5696Kb used=1099Kb max_used=1111Kb free=4596Kb
 bounds [0x0000015200000000, 0x0000015200270000, 0x0000015200590000]
 total_blobs=585 nmethods=215 adapters=207
 compilation: enabled

Compilation events (10 events):
Event: 0.257 Thread 0x000001527a299800  210       3       java.lang.String::startsWith (138 bytes)
Event: 0.258 Thread 0x000001527a299800 nmethod 210 0x00000152005d8210 code [0x00000152005d8460, 0x00000152005d8e38]
Event: 0.258 Thread 0x000001527a299800  211       3       java.lang.String::getBytes (44 bytes)
Event: 0.258 Thread 0x000001527a295800  212       4       java.lang.String::charAt (25 bytes)
Event: 0.258 Thread 0x000001527a299800 nmethod 211 0x00000152005d9110 code [0x00000152005d9300, 0x00000152005d96c0]
Event: 0.259 Thread 0x000001527a295800 nmethod 212 0x0000015207ad2810 code [0x0000015207ad29a0, 0x0000015207ad2af8]
Event: 0.271 Thread 0x000001527a299800  213       3       java.lang.String::charAt (25 bytes)
Event: 0.271 Thread 0x000001527a299800 nmethod 213 0x00000152005d9890 code [0x00000152005d9aa0, 0x00000152005da020]
Event: 0.271 Thread 0x000001527a28e800  214       4       java.lang.StringLatin1::indexOf (61 bytes)
Event: 0.274 Thread 0x000001527a28e800 nmethod 214 0x0000015207ad2c10 code [0x0000015207ad2da0, 0x0000015207ad2f58]

GC Heap History (0 events):
No events

Deoptimization events (3 events):
Event: 0.183 Thread 0x0000015267e55800 Uncommon trap: reason=unstable_if action=reinterpret pc=0x0000015207accda8 method=java.util.HashMap.putVal(ILjava/lang/Object;Ljava/lang/Object;ZZ)Ljava/lang/Object; @ 69 c2
Event: 0.204 Thread 0x0000015267e55800 Uncommon trap: reason=unstable_if action=reinterpret pc=0x0000015207ac3224 method=java.lang.String.hashCode()I @ 14 c2
Event: 0.270 Thread 0x0000015267e55800 Uncommon trap: reason=unstable_if action=reinterpret pc=0x0000015207ad2a7c method=java.lang.String.charAt(I)C @ 4 c2

Classes redefined (4 events):
Event: 76.647 Thread 0x000001527a26b800 redefined class name=com.leetcode.designlinkedlist.MyLinkedList, count=1
Event: 76.648 Thread 0x000001527a26b800 redefined class name=com.leetcode.designlinkedlist.MyLinkedList$Node, count=1
Event: 179.401 Thread 0x000001527a26b800 redefined class name=com.leetcode.designlinkedlist.MyLinkedList, count=2
Event: 179.401 Thread 0x000001527a26b800 redefined class name=com.leetcode.designlinkedlist.MyLinkedList$Node, count=2

Internal exceptions (0 events):
No events

Events (10 events):
Event: 179.403 Executing VM operation: GetOrSetLocal done
Event: 179.452 Executing VM operation: ChangeBreakpoints
Event: 179.452 Executing VM operation: ChangeBreakpoints done
Event: 179.454 Executing VM operation: ChangeBreakpoints
Event: 179.454 Executing VM operation: ChangeBreakpoints done
Event: 179.474 Executing VM operation: GetFrameCount
Event: 179.474 Executing VM operation: GetFrameCount done
Event: 179.474 Executing VM operation: GetFrameLocation
Event: 179.474 Executing VM operation: GetFrameLocation done
Event: 179.490 Executing VM operation: GetOrSetLocal


Dynamic libraries:
0x00007ff700aa0000 - 0x00007ff700ade000 	C:\Program Files\Java\jdk-10.0.2\bin\java.exe
0x00007fff4db50000 - 0x00007fff4dd31000 	C:\WINDOWS\SYSTEM32\ntdll.dll
0x00007fff4da30000 - 0x00007fff4dae2000 	C:\WINDOWS\System32\KERNEL32.DLL
0x00007fff49fa0000 - 0x00007fff4a213000 	C:\WINDOWS\System32\KERNELBASE.dll
0x00007fff4b210000 - 0x00007fff4b2b1000 	C:\WINDOWS\System32\ADVAPI32.dll
0x00007fff4d990000 - 0x00007fff4da2e000 	C:\WINDOWS\System32\msvcrt.dll
0x00007fff4b180000 - 0x00007fff4b1db000 	C:\WINDOWS\System32\sechost.dll
0x00007fff4bbb0000 - 0x00007fff4bcd4000 	C:\WINDOWS\System32\RPCRT4.dll
0x00007fff4b7f0000 - 0x00007fff4b980000 	C:\WINDOWS\System32\USER32.dll
0x00007fff4a930000 - 0x00007fff4a950000 	C:\WINDOWS\System32\win32u.dll
0x00007fff4b980000 - 0x00007fff4b9a8000 	C:\WINDOWS\System32\GDI32.dll
0x00007fff4aa50000 - 0x00007fff4abe2000 	C:\WINDOWS\System32\gdi32full.dll
0x00007fff4ade0000 - 0x00007fff4ae7f000 	C:\WINDOWS\System32\msvcp_win.dll
0x00007fff4a950000 - 0x00007fff4aa4a000 	C:\WINDOWS\System32\ucrtbase.dll
0x00007fff3e2c0000 - 0x00007fff3e529000 	C:\WINDOWS\WinSxS\amd64_microsoft.windows.common-controls_6595b64144ccf1df_6.0.17134.285_none_fb4297e330656775\COMCTL32.dll
0x00007fff452e0000 - 0x00007fff452ea000 	C:\WINDOWS\SYSTEM32\VERSION.dll
0x00007fff4b460000 - 0x00007fff4b783000 	C:\WINDOWS\System32\combase.dll
0x00007fff4ae80000 - 0x00007fff4aefa000 	C:\WINDOWS\System32\bcryptPrimitives.dll
0x00007fff4b1e0000 - 0x00007fff4b20d000 	C:\WINDOWS\System32\IMM32.DLL
0x00007fff271f0000 - 0x00007fff272df000 	C:\Program Files\Java\jdk-10.0.2\bin\msvcr120.dll
0x00007fff2f370000 - 0x00007fff2f416000 	C:\Program Files\Java\jdk-10.0.2\bin\msvcp120.dll
0x000000005e660000 - 0x000000005f0d0000 	C:\Program Files\Java\jdk-10.0.2\bin\server\jvm.dll
0x00007fff4d980000 - 0x00007fff4d988000 	C:\WINDOWS\System32\PSAPI.DLL
0x00007fff48090000 - 0x00007fff480b3000 	C:\WINDOWS\SYSTEM32\WINMM.dll
0x00007fff42740000 - 0x00007fff42749000 	C:\WINDOWS\SYSTEM32\WSOCK32.dll
0x00007fff48060000 - 0x00007fff4808a000 	C:\WINDOWS\SYSTEM32\winmmbase.dll
0x00007fff49ef0000 - 0x00007fff49f39000 	C:\WINDOWS\System32\cfgmgr32.dll
0x00007fff4b110000 - 0x00007fff4b17c000 	C:\WINDOWS\System32\WS2_32.dll
0x00007fff481a0000 - 0x00007fff481af000 	C:\Program Files\Java\jdk-10.0.2\bin\verify.dll
0x00007fff384b0000 - 0x00007fff38679000 	C:\WINDOWS\SYSTEM32\DBGHELP.DLL
0x00007fff38480000 - 0x00007fff384a9000 	C:\WINDOWS\SYSTEM32\dbgcore.DLL
0x00007fff44290000 - 0x00007fff442b7000 	C:\Program Files\Java\jdk-10.0.2\bin\java.dll
0x00007fff2ff40000 - 0x00007fff2ff76000 	C:\Program Files\Java\jdk-10.0.2\bin\jdwp.dll
0x00007fff30b30000 - 0x00007fff30b5a000 	C:\Program Files\Java\jdk-10.0.2\bin\instrument.dll
0x00007fff44270000 - 0x00007fff44286000 	C:\Program Files\Java\jdk-10.0.2\bin\zip.dll
0x00007fff48190000 - 0x00007fff4819a000 	C:\Program Files\Java\jdk-10.0.2\bin\jimage.dll
0x00007fff4c3a0000 - 0x00007fff4d7e0000 	C:\WINDOWS\System32\SHELL32.dll
0x00007fff4d8d0000 - 0x00007fff4d979000 	C:\WINDOWS\System32\shcore.dll
0x00007fff4a220000 - 0x00007fff4a92d000 	C:\WINDOWS\System32\windows.storage.dll
0x00007fff4b790000 - 0x00007fff4b7e1000 	C:\WINDOWS\System32\shlwapi.dll
0x00007fff49e90000 - 0x00007fff49ea1000 	C:\WINDOWS\System32\kernel.appcore.dll
0x00007fff49ed0000 - 0x00007fff49eef000 	C:\WINDOWS\System32\profapi.dll
0x00007fff49e40000 - 0x00007fff49e8c000 	C:\WINDOWS\System32\powrprof.dll
0x00007fff49e30000 - 0x00007fff49e3a000 	C:\WINDOWS\System32\FLTLIB.DLL
0x00007fff43b80000 - 0x00007fff43b8a000 	C:\Program Files\Java\jdk-10.0.2\bin\dt_socket.dll
0x00007fff496b0000 - 0x00007fff49716000 	C:\WINDOWS\system32\mswsock.dll
0x00007fff44250000 - 0x00007fff4426a000 	C:\Program Files\Java\jdk-10.0.2\bin\net.dll
0x00007fff451e0000 - 0x00007fff452bc000 	C:\WINDOWS\SYSTEM32\WINHTTP.dll
0x00007fff426c0000 - 0x00007fff426d1000 	C:\Program Files\Java\jdk-10.0.2\bin\nio.dll

dbghelp: loaded successfully - version: 4.0.5 - missing functions: none
symbol engine: initialized successfully - sym options: 0x614 - pdb path: .;C:\Program Files\Java\jdk-10.0.2\bin;C:\WINDOWS\SYSTEM32;C:\WINDOWS\WinSxS\amd64_microsoft.windows.common-controls_6595b64144ccf1df_6.0.17134.285_none_fb4297e330656775;C:\Program Files\Java\jdk-10.0.2\bin\server

VM Arguments:
jvm_args: -agentlib:jdwp=transport=dt_socket,address=127.0.0.1:57673,suspend=y,server=n -javaagent:C:\Users\Carlos-PC\.IntelliJIdea2018.2\system\captureAgent\debugger-agent.jar=file:/C:/Users/Carlos-PC/AppData/Local/Temp/capture.props -Dfile.encoding=UTF-8 
java_command: com.leetcode.designlinkedlist.Main
java_class_path (initial): C:\Users\Carlos-PC\IdeaProjects\Algoritms\target\classes;C:\Program Files\JetBrains\IntelliJ IDEA 2018.2.4\lib\idea_rt.jar
Launcher Type: SUN_STANDARD

Logging:
Log output configuration:
#0: stdout all=warning uptime,level,tags
#1: stderr all=off uptime,level,tags

Environment Variables:
PATH=C:\Program Files (x86)\Common Files\Oracle\Java\javapath;C:\Program Files (x86)\NVIDIA Corporation\PhysX\Common;C:\ProgramData\Oracle\Java\javapath;C:\WINDOWS\system32;C:\WINDOWS;C:\WINDOWS\System32\Wbem;C:\WINDOWS\System32\WindowsPowerShell\v1.0\;C:\Program Files (x86)\Skype\Phone\;C:\WINDOWS\System32\OpenSSH\;C:\Users\Carlos-PC\AppData\Local\Microsoft\WindowsApps;
USERNAME=Carlos-PC
OS=Windows_NT
PROCESSOR_IDENTIFIER=Intel64 Family 6 Model 58 Stepping 9, GenuineIntel



---------------  S Y S T E M  ---------------

OS: Windows 10 , 64 bit Build 17134 (10.0.17134.1)

CPU:total 4 (initial active 4) (4 cores per cpu, 1 threads per core) family 6 model 58 stepping 9, cmov, cx8, fxsr, mmx, sse, sse2, sse3, ssse3, sse4.1, sse4.2, popcnt, avx, aes, clmul, erms, tsc, tscinvbit, tscinv

Memory: 4k page, physical 8333032k(3922836k free), swap 10954472k(3801760k free)

vm_info: Java HotSpot(TM) 64-Bit Server VM (10.0.2+13) for windows-amd64 JRE (10.0.2+13), built on Jun 28 2018 01:57:56 by "mach5one" with MS VC++ 12.0 (VS2013)

END.
