#
# A fatal error has been detected by the Java Runtime Environment:
#
#  Internal Error (t:/workspace/open/src/hotspot/share/oops/generateOopMap.cpp:2162), pid=12592, tid=8436
#  fatal error: Illegal class file encountered. Try running with -Xverify:all in method searchHalfs
#
# JRE version: Java(TM) SE Runtime Environment (10.0.2+13) (build 10.0.2+13)
# Java VM: Java HotSpot(TM) 64-Bit Server VM (10.0.2+13, mixed mode, tiered, compressed oops, g1 gc, windows-amd64)
# No core dump will be written. Minidumps are not enabled by default on client versions of Windows
#
# If you would like to submit a bug report, please visit:
#   http://bugreport.java.com/bugreport/crash.jsp
#

---------------  S U M M A R Y ------------

Command Line: -agentlib:jdwp=transport=dt_socket,address=127.0.0.1:64340,suspend=y,server=n -javaagent:C:\Users\Carlos-PC\.IntelliJIdea2018.2\system\captureAgent\debugger-agent.jar=file:/C:/Users/Carlos-PC/AppData/Local/Temp/capture.props -Dfile.encoding=UTF-8 com.leetcode.firstbadversion.Main

Host: Intel(R) Core(TM) i5-3570K CPU @ 3.40GHz, 4 cores, 7G,  Windows 10 , 64 bit Build 17134 (10.0.17134.1)
Time: Sun Sep 23 22:42:03 2018 GMT Daylight Time elapsed time: 768 seconds (0d 0h 12m 48s)

---------------  T H R E A D  ---------------

Current thread (0x000001f17dfa1800):  VMThread "VM Thread" [stack: 0x00000090aac00000,0x00000090aad00000] [id=8436]

Stack: [0x00000090aac00000,0x00000090aad00000]
[error occurred during error reporting (printing stack bounds), id 0xe0000000]

Native frames: (J=compiled Java code, j=interpreted, Vv=VM code, C=native code)
V  [jvm.dll+0x5a01a9]
V  [jvm.dll+0x6bcf31]
V  [jvm.dll+0x6be126]
V  [jvm.dll+0x6be715]
V  [jvm.dll+0x6be6cb]
V  [jvm.dll+0x59f993]
V  [jvm.dll+0x59fda8]
C  [ntdll.dll+0x9ed2d]
C  [ntdll.dll+0x6c86]
C  [ntdll.dll+0x9dc5e]
C  0x000001f100000ead

VM_Operation (0x00000090ab5ff3b0): GetOrSetLocal, mode: safepoint, requested by thread 0x000001f17ecde000


---------------  P R O C E S S  ---------------

Threads class SMR info:
_java_thread_list=0x000001f17ecc6030, length=14, elements={
0x000001f16bb91800, 0x000001f17dfa5800, 0x000001f17dfaf800, 0x000001f17dfb4000,
0x000001f17e922800, 0x000001f17dfc4800, 0x000001f17dfc7800, 0x000001f17e934000,
0x000001f17dfee000, 0x000001f17ecde000, 0x000001f17ee85800, 0x000001f17eb3e000,
0x000001f17ec82000, 0x000001f17ec6f800
}

Java Threads: ( => current thread )
  0x000001f16bb91800 JavaThread "main" [_thread_blocked, id=12788, stack(0x00000090aa000000,0x00000090aa100000)]
  0x000001f17dfa5800 JavaThread "Reference Handler" daemon [_thread_blocked, id=8564, stack(0x00000090aad00000,0x00000090aae00000)]
  0x000001f17dfaf800 JavaThread "Finalizer" daemon [_thread_blocked, id=2024, stack(0x00000090aae00000,0x00000090aaf00000)]
  0x000001f17dfb4000 JavaThread "Signal Dispatcher" daemon [_thread_blocked, id=2276, stack(0x00000090aaf00000,0x00000090ab000000)]
  0x000001f17e922800 JavaThread "Attach Listener" daemon [_thread_blocked, id=12916, stack(0x00000090ab000000,0x00000090ab100000)]
  0x000001f17dfc4800 JavaThread "C2 CompilerThread0" daemon [_thread_blocked, id=7148, stack(0x00000090ab100000,0x00000090ab200000)]
  0x000001f17dfc7800 JavaThread "C2 CompilerThread1" daemon [_thread_blocked, id=1936, stack(0x00000090ab200000,0x00000090ab300000)]
  0x000001f17e934000 JavaThread "C1 CompilerThread2" daemon [_thread_blocked, id=11804, stack(0x00000090ab300000,0x00000090ab400000)]
  0x000001f17dfee000 JavaThread "Sweeper thread" daemon [_thread_blocked, id=8424, stack(0x00000090ab400000,0x00000090ab500000)]
  0x000001f17ecde000 JavaThread "JDWP Transport Listener: dt_socket" daemon [_thread_blocked, id=8780, stack(0x00000090ab500000,0x00000090ab600000)] _threads_hazard_ptr=0x000001f17ecc6030
  0x000001f17ee85800 JavaThread "JDWP Event Helper Thread" daemon [_thread_blocked, id=9556, stack(0x00000090ab600000,0x00000090ab700000)]
  0x000001f17eb3e000 JavaThread "JDWP Command Reader" daemon [_thread_in_native, id=11580, stack(0x00000090ab700000,0x00000090ab800000)]
  0x000001f17ec82000 JavaThread "Common-Cleaner" daemon [_thread_blocked, id=3208, stack(0x00000090ab800000,0x00000090ab900000)]
  0x000001f17ec6f800 JavaThread "Service Thread" daemon [_thread_blocked, id=1452, stack(0x00000090ab900000,0x00000090aba00000)]

Other Threads:
=>0x000001f17dfa1800 VMThread "VM Thread" [stack: 0x00000090aac00000,0x00000090aad00000] [id=8436]
  0x000001f17ebeb000 WatcherThread [stack: 0x00000090aba00000,0x00000090abb00000] [id=10556]
  0x000001f16bbaa800 GCTaskThread "GC Thread#0" [stack: 0x00000090aa100000,0x00000090aa200000] [id=12108]
  0x000001f16bbac000 GCTaskThread "GC Thread#1" [stack: 0x00000090aa200000,0x00000090aa300000] [id=1336]
  0x000001f16bbae000 GCTaskThread "GC Thread#2" [stack: 0x00000090aa300000,0x00000090aa400000] [id=12760]
  0x000001f16bbaf800 GCTaskThread "GC Thread#3" [stack: 0x00000090aa400000,0x00000090aa500000] [id=11320]
  0x000001f16bc1d800 ConcurrentGCThread "G1 Main Marker" [stack: 0x00000090aa500000,0x00000090aa600000] [id=13276]
  0x000001f16bc1e800 ConcurrentGCThread "G1 Conc#0" [stack: 0x00000090aa600000,0x00000090aa700000] [id=4988]
  0x000001f16bc6e800 ConcurrentGCThread "G1 Refine#0" [stack: 0x00000090aa700000,0x00000090aa800000] [id=13252]
  0x000001f17de28000 ConcurrentGCThread "G1 Refine#1" [stack: 0x00000090aa800000,0x00000090aa900000] [id=9392]
  0x000001f17de29000 ConcurrentGCThread "G1 Refine#2" [stack: 0x00000090aa900000,0x00000090aaa00000] [id=4204]
  0x000001f17de2c000 ConcurrentGCThread "G1 Refine#3" [stack: 0x00000090aaa00000,0x00000090aab00000] [id=3648]
  0x000001f17de35000 ConcurrentGCThread "G1 Young RemSet Sampling" [stack: 0x00000090aab00000,0x00000090aac00000] [id=9832]

Threads with active compile tasks:

VM state:at safepoint (normal execution)

VM Mutex/Monitor currently owned by a thread:  ([mutex/lock_event])
[0x000001f16bb90160] Threads_lock - owner thread: 0x000001f17dfa1800

Heap address: 0x0000000080c00000, size: 2036 MB, Compressed Oops mode: 32-bit
Narrow klass base: 0x0000000000000000, Narrow klass shift: 3
Compressed class space size: 1073741824 Address: 0x0000000100000000

Heap:
 garbage-first heap   total 131072K, used 2048K [0x0000000080c00000, 0x0000000100000000)
  region size 1024K, 3 young (3072K), 0 survivors (0K)
 Metaspace       used 5172K, capacity 5264K, committed 5376K, reserved 1056768K
  class space    used 436K, capacity 496K, committed 512K, reserved 1048576K
Heap Regions: E=young(eden), S=young(survivor), O=old, HS=humongous(starts), HC=humongous(continues), CS=collection set, F=free, A=archive, TS=gc time stamp, AC=allocation context, TAMS=top-at-mark-start (previous, next)
|   0|0x0000000080c00000, 0x0000000080c00000, 0x0000000080d00000|  0%| F|  |TS  0|AC  0|TAMS 0x0000000080c00000, 0x0000000080c00000|
|   1|0x0000000080d00000, 0x0000000080d00000, 0x0000000080e00000|  0%| F|  |TS  0|AC  0|TAMS 0x0000000080d00000, 0x0000000080d00000|
|   2|0x0000000080e00000, 0x0000000080e00000, 0x0000000080f00000|  0%| F|  |TS  0|AC  0|TAMS 0x0000000080e00000, 0x0000000080e00000|
|   3|0x0000000080f00000, 0x0000000080f00000, 0x0000000081000000|  0%| F|  |TS  0|AC  0|TAMS 0x0000000080f00000, 0x0000000080f00000|
|   4|0x0000000081000000, 0x0000000081000000, 0x0000000081100000|  0%| F|  |TS  0|AC  0|TAMS 0x0000000081000000, 0x0000000081000000|
|   5|0x0000000081100000, 0x0000000081100000, 0x0000000081200000|  0%| F|  |TS  0|AC  0|TAMS 0x0000000081100000, 0x0000000081100000|
|   6|0x0000000081200000, 0x0000000081200000, 0x0000000081300000|  0%| F|  |TS  0|AC  0|TAMS 0x0000000081200000, 0x0000000081200000|
|   7|0x0000000081300000, 0x0000000081300000, 0x0000000081400000|  0%| F|  |TS  0|AC  0|TAMS 0x0000000081300000, 0x0000000081300000|
|   8|0x0000000081400000, 0x0000000081400000, 0x0000000081500000|  0%| F|  |TS  0|AC  0|TAMS 0x0000000081400000, 0x0000000081400000|
|   9|0x0000000081500000, 0x0000000081500000, 0x0000000081600000|  0%| F|  |TS  0|AC  0|TAMS 0x0000000081500000, 0x0000000081500000|
|  10|0x0000000081600000, 0x0000000081600000, 0x0000000081700000|  0%| F|  |TS  0|AC  0|TAMS 0x0000000081600000, 0x0000000081600000|
|  11|0x0000000081700000, 0x0000000081700000, 0x0000000081800000|  0%| F|  |TS  0|AC  0|TAMS 0x0000000081700000, 0x0000000081700000|
|  12|0x0000000081800000, 0x0000000081800000, 0x0000000081900000|  0%| F|  |TS  0|AC  0|TAMS 0x0000000081800000, 0x0000000081800000|
|  13|0x0000000081900000, 0x0000000081900000, 0x0000000081a00000|  0%| F|  |TS  0|AC  0|TAMS 0x0000000081900000, 0x0000000081900000|
|  14|0x0000000081a00000, 0x0000000081a00000, 0x0000000081b00000|  0%| F|  |TS  0|AC  0|TAMS 0x0000000081a00000, 0x0000000081a00000|
|  15|0x0000000081b00000, 0x0000000081b00000, 0x0000000081c00000|  0%| F|  |TS  0|AC  0|TAMS 0x0000000081b00000, 0x0000000081b00000|
|  16|0x0000000081c00000, 0x0000000081c00000, 0x0000000081d00000|  0%| F|  |TS  0|AC  0|TAMS 0x0000000081c00000, 0x0000000081c00000|
|  17|0x0000000081d00000, 0x0000000081d00000, 0x0000000081e00000|  0%| F|  |TS  0|AC  0|TAMS 0x0000000081d00000, 0x0000000081d00000|
|  18|0x0000000081e00000, 0x0000000081e00000, 0x0000000081f00000|  0%| F|  |TS  0|AC  0|TAMS 0x0000000081e00000, 0x0000000081e00000|
|  19|0x0000000081f00000, 0x0000000081f00000, 0x0000000082000000|  0%| F|  |TS  0|AC  0|TAMS 0x0000000081f00000, 0x0000000081f00000|
|  20|0x0000000082000000, 0x0000000082000000, 0x0000000082100000|  0%| F|  |TS  0|AC  0|TAMS 0x0000000082000000, 0x0000000082000000|
|  21|0x0000000082100000, 0x0000000082100000, 0x0000000082200000|  0%| F|  |TS  0|AC  0|TAMS 0x0000000082100000, 0x0000000082100000|
|  22|0x0000000082200000, 0x0000000082200000, 0x0000000082300000|  0%| F|  |TS  0|AC  0|TAMS 0x0000000082200000, 0x0000000082200000|
|  23|0x0000000082300000, 0x0000000082300000, 0x0000000082400000|  0%| F|  |TS  0|AC  0|TAMS 0x0000000082300000, 0x0000000082300000|
|  24|0x0000000082400000, 0x0000000082400000, 0x0000000082500000|  0%| F|  |TS  0|AC  0|TAMS 0x0000000082400000, 0x0000000082400000|
|  25|0x0000000082500000, 0x0000000082500000, 0x0000000082600000|  0%| F|  |TS  0|AC  0|TAMS 0x0000000082500000, 0x0000000082500000|
|  26|0x0000000082600000, 0x0000000082600000, 0x0000000082700000|  0%| F|  |TS  0|AC  0|TAMS 0x0000000082600000, 0x0000000082600000|
|  27|0x0000000082700000, 0x0000000082700000, 0x0000000082800000|  0%| F|  |TS  0|AC  0|TAMS 0x0000000082700000, 0x0000000082700000|
|  28|0x0000000082800000, 0x0000000082800000, 0x0000000082900000|  0%| F|  |TS  0|AC  0|TAMS 0x0000000082800000, 0x0000000082800000|
|  29|0x0000000082900000, 0x0000000082900000, 0x0000000082a00000|  0%| F|  |TS  0|AC  0|TAMS 0x0000000082900000, 0x0000000082900000|
|  30|0x0000000082a00000, 0x0000000082a00000, 0x0000000082b00000|  0%| F|  |TS  0|AC  0|TAMS 0x0000000082a00000, 0x0000000082a00000|
|  31|0x0000000082b00000, 0x0000000082b00000, 0x0000000082c00000|  0%| F|  |TS  0|AC  0|TAMS 0x0000000082b00000, 0x0000000082b00000|
|  32|0x0000000082c00000, 0x0000000082c00000, 0x0000000082d00000|  0%| F|  |TS  0|AC  0|TAMS 0x0000000082c00000, 0x0000000082c00000|
|  33|0x0000000082d00000, 0x0000000082d00000, 0x0000000082e00000|  0%| F|  |TS  0|AC  0|TAMS 0x0000000082d00000, 0x0000000082d00000|
|  34|0x0000000082e00000, 0x0000000082e00000, 0x0000000082f00000|  0%| F|  |TS  0|AC  0|TAMS 0x0000000082e00000, 0x0000000082e00000|
|  35|0x0000000082f00000, 0x0000000082f00000, 0x0000000083000000|  0%| F|  |TS  0|AC  0|TAMS 0x0000000082f00000, 0x0000000082f00000|
|  36|0x0000000083000000, 0x0000000083000000, 0x0000000083100000|  0%| F|  |TS  0|AC  0|TAMS 0x0000000083000000, 0x0000000083000000|
|  37|0x0000000083100000, 0x0000000083100000, 0x0000000083200000|  0%| F|  |TS  0|AC  0|TAMS 0x0000000083100000, 0x0000000083100000|
|  38|0x0000000083200000, 0x0000000083200000, 0x0000000083300000|  0%| F|  |TS  0|AC  0|TAMS 0x0000000083200000, 0x0000000083200000|
|  39|0x0000000083300000, 0x0000000083300000, 0x0000000083400000|  0%| F|  |TS  0|AC  0|TAMS 0x0000000083300000, 0x0000000083300000|
|  40|0x0000000083400000, 0x0000000083400000, 0x0000000083500000|  0%| F|  |TS  0|AC  0|TAMS 0x0000000083400000, 0x0000000083400000|
|  41|0x0000000083500000, 0x0000000083500000, 0x0000000083600000|  0%| F|  |TS  0|AC  0|TAMS 0x0000000083500000, 0x0000000083500000|
|  42|0x0000000083600000, 0x0000000083600000, 0x0000000083700000|  0%| F|  |TS  0|AC  0|TAMS 0x0000000083600000, 0x0000000083600000|
|  43|0x0000000083700000, 0x0000000083700000, 0x0000000083800000|  0%| F|  |TS  0|AC  0|TAMS 0x0000000083700000, 0x0000000083700000|
|  44|0x0000000083800000, 0x0000000083800000, 0x0000000083900000|  0%| F|  |TS  0|AC  0|TAMS 0x0000000083800000, 0x0000000083800000|
|  45|0x0000000083900000, 0x0000000083900000, 0x0000000083a00000|  0%| F|  |TS  0|AC  0|TAMS 0x0000000083900000, 0x0000000083900000|
|  46|0x0000000083a00000, 0x0000000083a00000, 0x0000000083b00000|  0%| F|  |TS  0|AC  0|TAMS 0x0000000083a00000, 0x0000000083a00000|
|  47|0x0000000083b00000, 0x0000000083b00000, 0x0000000083c00000|  0%| F|  |TS  0|AC  0|TAMS 0x0000000083b00000, 0x0000000083b00000|
|  48|0x0000000083c00000, 0x0000000083c00000, 0x0000000083d00000|  0%| F|  |TS  0|AC  0|TAMS 0x0000000083c00000, 0x0000000083c00000|
|  49|0x0000000083d00000, 0x0000000083d00000, 0x0000000083e00000|  0%| F|  |TS  0|AC  0|TAMS 0x0000000083d00000, 0x0000000083d00000|
|  50|0x0000000083e00000, 0x0000000083e00000, 0x0000000083f00000|  0%| F|  |TS  0|AC  0|TAMS 0x0000000083e00000, 0x0000000083e00000|
|  51|0x0000000083f00000, 0x0000000083f00000, 0x0000000084000000|  0%| F|  |TS  0|AC  0|TAMS 0x0000000083f00000, 0x0000000083f00000|
|  52|0x0000000084000000, 0x0000000084000000, 0x0000000084100000|  0%| F|  |TS  0|AC  0|TAMS 0x0000000084000000, 0x0000000084000000|
|  53|0x0000000084100000, 0x0000000084100000, 0x0000000084200000|  0%| F|  |TS  0|AC  0|TAMS 0x0000000084100000, 0x0000000084100000|
|  54|0x0000000084200000, 0x0000000084200000, 0x0000000084300000|  0%| F|  |TS  0|AC  0|TAMS 0x0000000084200000, 0x0000000084200000|
|  55|0x0000000084300000, 0x0000000084300000, 0x0000000084400000|  0%| F|  |TS  0|AC  0|TAMS 0x0000000084300000, 0x0000000084300000|
|  56|0x0000000084400000, 0x0000000084400000, 0x0000000084500000|  0%| F|  |TS  0|AC  0|TAMS 0x0000000084400000, 0x0000000084400000|
|  57|0x0000000084500000, 0x0000000084500000, 0x0000000084600000|  0%| F|  |TS  0|AC  0|TAMS 0x0000000084500000, 0x0000000084500000|
|  58|0x0000000084600000, 0x0000000084600000, 0x0000000084700000|  0%| F|  |TS  0|AC  0|TAMS 0x0000000084600000, 0x0000000084600000|
|  59|0x0000000084700000, 0x0000000084700000, 0x0000000084800000|  0%| F|  |TS  0|AC  0|TAMS 0x0000000084700000, 0x0000000084700000|
|  60|0x0000000084800000, 0x0000000084800000, 0x0000000084900000|  0%| F|  |TS  0|AC  0|TAMS 0x0000000084800000, 0x0000000084800000|
|  61|0x0000000084900000, 0x0000000084900000, 0x0000000084a00000|  0%| F|  |TS  0|AC  0|TAMS 0x0000000084900000, 0x0000000084900000|
|  62|0x0000000084a00000, 0x0000000084a00000, 0x0000000084b00000|  0%| F|  |TS  0|AC  0|TAMS 0x0000000084a00000, 0x0000000084a00000|
|  63|0x0000000084b00000, 0x0000000084b00000, 0x0000000084c00000|  0%| F|  |TS  0|AC  0|TAMS 0x0000000084b00000, 0x0000000084b00000|
|  64|0x0000000084c00000, 0x0000000084c00000, 0x0000000084d00000|  0%| F|  |TS  0|AC  0|TAMS 0x0000000084c00000, 0x0000000084c00000|
|  65|0x0000000084d00000, 0x0000000084d00000, 0x0000000084e00000|  0%| F|  |TS  0|AC  0|TAMS 0x0000000084d00000, 0x0000000084d00000|
|  66|0x0000000084e00000, 0x0000000084e00000, 0x0000000084f00000|  0%| F|  |TS  0|AC  0|TAMS 0x0000000084e00000, 0x0000000084e00000|
|  67|0x0000000084f00000, 0x0000000084f00000, 0x0000000085000000|  0%| F|  |TS  0|AC  0|TAMS 0x0000000084f00000, 0x0000000084f00000|
|  68|0x0000000085000000, 0x0000000085000000, 0x0000000085100000|  0%| F|  |TS  0|AC  0|TAMS 0x0000000085000000, 0x0000000085000000|
|  69|0x0000000085100000, 0x0000000085100000, 0x0000000085200000|  0%| F|  |TS  0|AC  0|TAMS 0x0000000085100000, 0x0000000085100000|
|  70|0x0000000085200000, 0x0000000085200000, 0x0000000085300000|  0%| F|  |TS  0|AC  0|TAMS 0x0000000085200000, 0x0000000085200000|
|  71|0x0000000085300000, 0x0000000085300000, 0x0000000085400000|  0%| F|  |TS  0|AC  0|TAMS 0x0000000085300000, 0x0000000085300000|
|  72|0x0000000085400000, 0x0000000085400000, 0x0000000085500000|  0%| F|  |TS  0|AC  0|TAMS 0x0000000085400000, 0x0000000085400000|
|  73|0x0000000085500000, 0x0000000085500000, 0x0000000085600000|  0%| F|  |TS  0|AC  0|TAMS 0x0000000085500000, 0x0000000085500000|
|  74|0x0000000085600000, 0x0000000085600000, 0x0000000085700000|  0%| F|  |TS  0|AC  0|TAMS 0x0000000085600000, 0x0000000085600000|
|  75|0x0000000085700000, 0x0000000085700000, 0x0000000085800000|  0%| F|  |TS  0|AC  0|TAMS 0x0000000085700000, 0x0000000085700000|
|  76|0x0000000085800000, 0x0000000085800000, 0x0000000085900000|  0%| F|  |TS  0|AC  0|TAMS 0x0000000085800000, 0x0000000085800000|
|  77|0x0000000085900000, 0x0000000085900000, 0x0000000085a00000|  0%| F|  |TS  0|AC  0|TAMS 0x0000000085900000, 0x0000000085900000|
|  78|0x0000000085a00000, 0x0000000085a00000, 0x0000000085b00000|  0%| F|  |TS  0|AC  0|TAMS 0x0000000085a00000, 0x0000000085a00000|
|  79|0x0000000085b00000, 0x0000000085b00000, 0x0000000085c00000|  0%| F|  |TS  0|AC  0|TAMS 0x0000000085b00000, 0x0000000085b00000|
|  80|0x0000000085c00000, 0x0000000085c00000, 0x0000000085d00000|  0%| F|  |TS  0|AC  0|TAMS 0x0000000085c00000, 0x0000000085c00000|
|  81|0x0000000085d00000, 0x0000000085d00000, 0x0000000085e00000|  0%| F|  |TS  0|AC  0|TAMS 0x0000000085d00000, 0x0000000085d00000|
|  82|0x0000000085e00000, 0x0000000085e00000, 0x0000000085f00000|  0%| F|  |TS  0|AC  0|TAMS 0x0000000085e00000, 0x0000000085e00000|
|  83|0x0000000085f00000, 0x0000000085f00000, 0x0000000086000000|  0%| F|  |TS  0|AC  0|TAMS 0x0000000085f00000, 0x0000000085f00000|
|  84|0x0000000086000000, 0x0000000086000000, 0x0000000086100000|  0%| F|  |TS  0|AC  0|TAMS 0x0000000086000000, 0x0000000086000000|
|  85|0x0000000086100000, 0x0000000086100000, 0x0000000086200000|  0%| F|  |TS  0|AC  0|TAMS 0x0000000086100000, 0x0000000086100000|
|  86|0x0000000086200000, 0x0000000086200000, 0x0000000086300000|  0%| F|  |TS  0|AC  0|TAMS 0x0000000086200000, 0x0000000086200000|
|  87|0x0000000086300000, 0x0000000086300000, 0x0000000086400000|  0%| F|  |TS  0|AC  0|TAMS 0x0000000086300000, 0x0000000086300000|
|  88|0x0000000086400000, 0x0000000086400000, 0x0000000086500000|  0%| F|  |TS  0|AC  0|TAMS 0x0000000086400000, 0x0000000086400000|
|  89|0x0000000086500000, 0x0000000086500000, 0x0000000086600000|  0%| F|  |TS  0|AC  0|TAMS 0x0000000086500000, 0x0000000086500000|
|  90|0x0000000086600000, 0x0000000086600000, 0x0000000086700000|  0%| F|  |TS  0|AC  0|TAMS 0x0000000086600000, 0x0000000086600000|
|  91|0x0000000086700000, 0x0000000086700000, 0x0000000086800000|  0%| F|  |TS  0|AC  0|TAMS 0x0000000086700000, 0x0000000086700000|
|  92|0x0000000086800000, 0x0000000086800000, 0x0000000086900000|  0%| F|  |TS  0|AC  0|TAMS 0x0000000086800000, 0x0000000086800000|
|  93|0x0000000086900000, 0x0000000086900000, 0x0000000086a00000|  0%| F|  |TS  0|AC  0|TAMS 0x0000000086900000, 0x0000000086900000|
|  94|0x0000000086a00000, 0x0000000086a00000, 0x0000000086b00000|  0%| F|  |TS  0|AC  0|TAMS 0x0000000086a00000, 0x0000000086a00000|
|  95|0x0000000086b00000, 0x0000000086b00000, 0x0000000086c00000|  0%| F|  |TS  0|AC  0|TAMS 0x0000000086b00000, 0x0000000086b00000|
|  96|0x0000000086c00000, 0x0000000086c00000, 0x0000000086d00000|  0%| F|  |TS  0|AC  0|TAMS 0x0000000086c00000, 0x0000000086c00000|
|  97|0x0000000086d00000, 0x0000000086d00000, 0x0000000086e00000|  0%| F|  |TS  0|AC  0|TAMS 0x0000000086d00000, 0x0000000086d00000|
|  98|0x0000000086e00000, 0x0000000086e00000, 0x0000000086f00000|  0%| F|  |TS  0|AC  0|TAMS 0x0000000086e00000, 0x0000000086e00000|
|  99|0x0000000086f00000, 0x0000000086f00000, 0x0000000087000000|  0%| F|  |TS  0|AC  0|TAMS 0x0000000086f00000, 0x0000000086f00000|
| 100|0x0000000087000000, 0x0000000087000000, 0x0000000087100000|  0%| F|  |TS  0|AC  0|TAMS 0x0000000087000000, 0x0000000087000000|
| 101|0x0000000087100000, 0x0000000087100000, 0x0000000087200000|  0%| F|  |TS  0|AC  0|TAMS 0x0000000087100000, 0x0000000087100000|
| 102|0x0000000087200000, 0x0000000087200000, 0x0000000087300000|  0%| F|  |TS  0|AC  0|TAMS 0x0000000087200000, 0x0000000087200000|
| 103|0x0000000087300000, 0x0000000087300000, 0x0000000087400000|  0%| F|  |TS  0|AC  0|TAMS 0x0000000087300000, 0x0000000087300000|
| 104|0x0000000087400000, 0x0000000087400000, 0x0000000087500000|  0%| F|  |TS  0|AC  0|TAMS 0x0000000087400000, 0x0000000087400000|
| 105|0x0000000087500000, 0x0000000087500000, 0x0000000087600000|  0%| F|  |TS  0|AC  0|TAMS 0x0000000087500000, 0x0000000087500000|
| 106|0x0000000087600000, 0x0000000087600000, 0x0000000087700000|  0%| F|  |TS  0|AC  0|TAMS 0x0000000087600000, 0x0000000087600000|
| 107|0x0000000087700000, 0x0000000087700000, 0x0000000087800000|  0%| F|  |TS  0|AC  0|TAMS 0x0000000087700000, 0x0000000087700000|
| 108|0x0000000087800000, 0x0000000087800000, 0x0000000087900000|  0%| F|  |TS  0|AC  0|TAMS 0x0000000087800000, 0x0000000087800000|
| 109|0x0000000087900000, 0x0000000087900000, 0x0000000087a00000|  0%| F|  |TS  0|AC  0|TAMS 0x0000000087900000, 0x0000000087900000|
| 110|0x0000000087a00000, 0x0000000087a00000, 0x0000000087b00000|  0%| F|  |TS  0|AC  0|TAMS 0x0000000087a00000, 0x0000000087a00000|
| 111|0x0000000087b00000, 0x0000000087b00000, 0x0000000087c00000|  0%| F|  |TS  0|AC  0|TAMS 0x0000000087b00000, 0x0000000087b00000|
| 112|0x0000000087c00000, 0x0000000087c00000, 0x0000000087d00000|  0%| F|  |TS  0|AC  0|TAMS 0x0000000087c00000, 0x0000000087c00000|
| 113|0x0000000087d00000, 0x0000000087d00000, 0x0000000087e00000|  0%| F|  |TS  0|AC  0|TAMS 0x0000000087d00000, 0x0000000087d00000|
| 114|0x0000000087e00000, 0x0000000087e00000, 0x0000000087f00000|  0%| F|  |TS  0|AC  0|TAMS 0x0000000087e00000, 0x0000000087e00000|
| 115|0x0000000087f00000, 0x0000000087f00000, 0x0000000088000000|  0%| F|  |TS  0|AC  0|TAMS 0x0000000087f00000, 0x0000000087f00000|
| 116|0x0000000088000000, 0x0000000088000000, 0x0000000088100000|  0%| F|  |TS  0|AC  0|TAMS 0x0000000088000000, 0x0000000088000000|
| 117|0x0000000088100000, 0x0000000088100000, 0x0000000088200000|  0%| F|  |TS  0|AC  0|TAMS 0x0000000088100000, 0x0000000088100000|
| 118|0x0000000088200000, 0x0000000088200000, 0x0000000088300000|  0%| F|  |TS  0|AC  0|TAMS 0x0000000088200000, 0x0000000088200000|
| 119|0x0000000088300000, 0x0000000088300000, 0x0000000088400000|  0%| F|  |TS  0|AC  0|TAMS 0x0000000088300000, 0x0000000088300000|
| 120|0x0000000088400000, 0x0000000088400000, 0x0000000088500000|  0%| F|  |TS  0|AC  0|TAMS 0x0000000088400000, 0x0000000088400000|
| 121|0x0000000088500000, 0x0000000088500000, 0x0000000088600000|  0%| F|  |TS  0|AC  0|TAMS 0x0000000088500000, 0x0000000088500000|
| 122|0x0000000088600000, 0x0000000088600000, 0x0000000088700000|  0%| F|  |TS  0|AC  0|TAMS 0x0000000088600000, 0x0000000088600000|
| 123|0x0000000088700000, 0x0000000088700000, 0x0000000088800000|  0%| F|  |TS  0|AC  0|TAMS 0x0000000088700000, 0x0000000088700000|
| 124|0x0000000088800000, 0x0000000088800000, 0x0000000088900000|  0%| F|  |TS  0|AC  0|TAMS 0x0000000088800000, 0x0000000088800000|
| 125|0x0000000088900000, 0x000000008898fe48, 0x0000000088a00000| 56%| E|  |TS  0|AC  0|TAMS 0x0000000088900000, 0x0000000088900000|
| 126|0x0000000088a00000, 0x0000000088b00000, 0x0000000088b00000|100%| E|CS|TS  0|AC  0|TAMS 0x0000000088a00000, 0x0000000088a00000|
| 127|0x0000000088b00000, 0x0000000088c00000, 0x0000000088c00000|100%| E|CS|TS  0|AC  0|TAMS 0x0000000088b00000, 0x0000000088b00000|

Card table byte_map: [0x000001f177320000,0x000001f177720000] byte_map_base: 0x000001f176f1a000

Marking Bits (Prev, Next): (CMBitMap*) 0x000001f16bc1c930, (CMBitMap*) 0x000001f16bc1c968
 Prev Bits: [0x000001f177b20000, 0x000001f179af0000)
 Next Bits: [0x000001f179af0000, 0x000001f17bac0000)

Polling page: 0x000001f169a90000

CodeHeap 'non-profiled nmethods': size=120064Kb used=76Kb max_used=76Kb free=119987Kb
 bounds [0x000001f107ac0000, 0x000001f107d30000, 0x000001f10f000000]
CodeHeap 'profiled nmethods': size=120000Kb used=280Kb max_used=280Kb free=119719Kb
 bounds [0x000001f100590000, 0x000001f100800000, 0x000001f107ac0000]
CodeHeap 'non-nmethods': size=5696Kb used=1099Kb max_used=1111Kb free=4596Kb
 bounds [0x000001f100000000, 0x000001f100270000, 0x000001f100590000]
 total_blobs=584 nmethods=212 adapters=207
 compilation: enabled

Compilation events (10 events):
Event: 0.363 Thread 0x000001f17e934000  209       1       java.util.ArrayList$SubList::access$300 (5 bytes)
Event: 0.363 Thread 0x000001f17e934000 nmethod 209 0x000001f107ad2590 code [0x000001f107ad2740, 0x000001f107ad2838]
Event: 0.365 Thread 0x000001f17e934000  210       3       java.lang.String::startsWith (138 bytes)
Event: 0.365 Thread 0x000001f17e934000 nmethod 210 0x000001f1005d4810 code [0x000001f1005d4a60, 0x000001f1005d5438]
Event: 0.366 Thread 0x000001f17dfc7800  211       4       java.lang.String::charAt (25 bytes)
Event: 0.367 Thread 0x000001f17dfc7800 nmethod 211 0x000001f107ad2910 code [0x000001f107ad2aa0, 0x000001f107ad2bf8]
Event: 0.376 Thread 0x000001f17e934000  212       3       java.lang.String::charAt (25 bytes)
Event: 0.377 Thread 0x000001f17e934000 nmethod 212 0x000001f1005d5710 code [0x000001f1005d5920, 0x000001f1005d5ea0]
Event: 0.378 Thread 0x000001f17dfc4800  213       4       java.lang.StringLatin1::indexOf (61 bytes)
Event: 0.380 Thread 0x000001f17dfc4800 nmethod 213 0x000001f107ad2d10 code [0x000001f107ad2ea0, 0x000001f107ad3058]

GC Heap History (0 events):
No events

Deoptimization events (6 events):
Event: 0.244 Thread 0x000001f16bb91800 Uncommon trap: reason=unstable_if action=reinterpret pc=0x000001f107aca238 method=java.util.HashMap.putVal(ILjava/lang/Object;Ljava/lang/Object;ZZ)Ljava/lang/Object; @ 69 c2
Event: 0.247 Thread 0x000001f16bb91800 Uncommon trap: reason=unstable_if action=reinterpret pc=0x000001f107acaf00 method=java.util.AbstractCollection.isEmpty()Z @ 4 c2
Event: 0.253 Thread 0x000001f16bb91800 Uncommon trap: reason=unstable_if action=reinterpret pc=0x000001f107acc6c8 method=java.util.HashMap.putVal(ILjava/lang/Object;Ljava/lang/Object;ZZ)Ljava/lang/Object; @ 69 c2
Event: 0.280 Thread 0x000001f16bb91800 Uncommon trap: reason=unstable_if action=reinterpret pc=0x000001f107ac3728 method=java.lang.String.hashCode()I @ 14 c2
Event: 0.305 Thread 0x000001f16bb91800 Uncommon trap: reason=unstable_if action=reinterpret pc=0x000001f107ad137c method=java.lang.String.isLatin1()Z @ 10 c2
Event: 0.376 Thread 0x000001f16bb91800 Uncommon trap: reason=unstable_if action=reinterpret pc=0x000001f107ad2b7c method=java.lang.String.charAt(I)C @ 4 c2

Classes redefined (4 events):
Event: 69.100 Thread 0x000001f17dfa1800 redefined class name=com.leetcode.firstbadversion.Solution, count=1
Event: 277.228 Thread 0x000001f17dfa1800 redefined class name=com.leetcode.firstbadversion.Solution, count=2
Event: 639.469 Thread 0x000001f17dfa1800 redefined class name=com.leetcode.firstbadversion.Solution, count=3
Event: 768.180 Thread 0x000001f17dfa1800 redefined class name=com.leetcode.firstbadversion.Solution, count=4

Internal exceptions (0 events):
No events

Events (10 events):
Event: 768.182 Executing VM operation: GetOrSetLocal done
Event: 768.226 Executing VM operation: ChangeBreakpoints
Event: 768.226 Executing VM operation: ChangeBreakpoints done
Event: 768.229 Executing VM operation: GetFrameCount
Event: 768.229 Executing VM operation: GetFrameCount done
Event: 768.229 Executing VM operation: GetFrameLocation
Event: 768.229 Executing VM operation: GetFrameLocation done
Event: 768.229 Executing VM operation: GetFrameLocation
Event: 768.229 Executing VM operation: GetFrameLocation done
Event: 768.229 Executing VM operation: GetOrSetLocal


Dynamic libraries:
0x00007ff7cd000000 - 0x00007ff7cd03e000 	C:\Program Files\Java\jdk-10.0.2\bin\java.exe
0x00007fff4db50000 - 0x00007fff4dd31000 	C:\WINDOWS\SYSTEM32\ntdll.dll
0x00007fff4da30000 - 0x00007fff4dae2000 	C:\WINDOWS\System32\KERNEL32.DLL
0x00007fff49fa0000 - 0x00007fff4a213000 	C:\WINDOWS\System32\KERNELBASE.dll
0x00007fff4b210000 - 0x00007fff4b2b1000 	C:\WINDOWS\System32\ADVAPI32.dll
0x00007fff4d990000 - 0x00007fff4da2e000 	C:\WINDOWS\System32\msvcrt.dll
0x00007fff4b180000 - 0x00007fff4b1db000 	C:\WINDOWS\System32\sechost.dll
0x00007fff4bbb0000 - 0x00007fff4bcd4000 	C:\WINDOWS\System32\RPCRT4.dll
0x00007fff4b7f0000 - 0x00007fff4b980000 	C:\WINDOWS\System32\USER32.dll
0x00007fff4a930000 - 0x00007fff4a950000 	C:\WINDOWS\System32\win32u.dll
0x00007fff4b980000 - 0x00007fff4b9a8000 	C:\WINDOWS\System32\GDI32.dll
0x00007fff4aa50000 - 0x00007fff4abe2000 	C:\WINDOWS\System32\gdi32full.dll
0x00007fff4ade0000 - 0x00007fff4ae7f000 	C:\WINDOWS\System32\msvcp_win.dll
0x00007fff4a950000 - 0x00007fff4aa4a000 	C:\WINDOWS\System32\ucrtbase.dll
0x00007fff3e2c0000 - 0x00007fff3e529000 	C:\WINDOWS\WinSxS\amd64_microsoft.windows.common-controls_6595b64144ccf1df_6.0.17134.285_none_fb4297e330656775\COMCTL32.dll
0x00007fff4b460000 - 0x00007fff4b783000 	C:\WINDOWS\System32\combase.dll
0x00007fff452e0000 - 0x00007fff452ea000 	C:\WINDOWS\SYSTEM32\VERSION.dll
0x00007fff4ae80000 - 0x00007fff4aefa000 	C:\WINDOWS\System32\bcryptPrimitives.dll
0x00007fff4b1e0000 - 0x00007fff4b20d000 	C:\WINDOWS\System32\IMM32.DLL
0x00007fff24520000 - 0x00007fff2460f000 	C:\Program Files\Java\jdk-10.0.2\bin\msvcr120.dll
0x00007fff21c10000 - 0x00007fff21cb6000 	C:\Program Files\Java\jdk-10.0.2\bin\msvcp120.dll
0x000000005e560000 - 0x000000005efd0000 	C:\Program Files\Java\jdk-10.0.2\bin\server\jvm.dll
0x00007fff4d980000 - 0x00007fff4d988000 	C:\WINDOWS\System32\PSAPI.DLL
0x00007fff48090000 - 0x00007fff480b3000 	C:\WINDOWS\SYSTEM32\WINMM.dll
0x00007fff40d70000 - 0x00007fff40d79000 	C:\WINDOWS\SYSTEM32\WSOCK32.dll
0x00007fff4b110000 - 0x00007fff4b17c000 	C:\WINDOWS\System32\WS2_32.dll
0x00007fff48060000 - 0x00007fff4808a000 	C:\WINDOWS\SYSTEM32\WINMMBASE.dll
0x00007fff49ef0000 - 0x00007fff49f39000 	C:\WINDOWS\System32\cfgmgr32.dll
0x00007fff43ec0000 - 0x00007fff43ecf000 	C:\Program Files\Java\jdk-10.0.2\bin\verify.dll
0x00007fff384b0000 - 0x00007fff38679000 	C:\WINDOWS\SYSTEM32\DBGHELP.DLL
0x00007fff38480000 - 0x00007fff384a9000 	C:\WINDOWS\SYSTEM32\dbgcore.DLL
0x00007fff28b00000 - 0x00007fff28b27000 	C:\Program Files\Java\jdk-10.0.2\bin\java.dll
0x00007fff2f8f0000 - 0x00007fff2f926000 	C:\Program Files\Java\jdk-10.0.2\bin\jdwp.dll
0x00007fff244f0000 - 0x00007fff2451a000 	C:\Program Files\Java\jdk-10.0.2\bin\instrument.dll
0x00007fff28ae0000 - 0x00007fff28af6000 	C:\Program Files\Java\jdk-10.0.2\bin\zip.dll
0x00007fff40d80000 - 0x00007fff40d8a000 	C:\Program Files\Java\jdk-10.0.2\bin\jimage.dll
0x00007fff4c3a0000 - 0x00007fff4d7e0000 	C:\WINDOWS\System32\SHELL32.dll
0x00007fff4d8d0000 - 0x00007fff4d979000 	C:\WINDOWS\System32\shcore.dll
0x00007fff4a220000 - 0x00007fff4a92d000 	C:\WINDOWS\System32\windows.storage.dll
0x00007fff4b790000 - 0x00007fff4b7e1000 	C:\WINDOWS\System32\shlwapi.dll
0x00007fff49e90000 - 0x00007fff49ea1000 	C:\WINDOWS\System32\kernel.appcore.dll
0x00007fff49ed0000 - 0x00007fff49eef000 	C:\WINDOWS\System32\profapi.dll
0x00007fff49e40000 - 0x00007fff49e8c000 	C:\WINDOWS\System32\powrprof.dll
0x00007fff49e30000 - 0x00007fff49e3a000 	C:\WINDOWS\System32\FLTLIB.DLL
0x00007fff420a0000 - 0x00007fff420aa000 	C:\Program Files\Java\jdk-10.0.2\bin\dt_socket.dll
0x00007fff496b0000 - 0x00007fff49716000 	C:\WINDOWS\system32\mswsock.dll
0x00007fff28a90000 - 0x00007fff28aaa000 	C:\Program Files\Java\jdk-10.0.2\bin\net.dll
0x00007fff451e0000 - 0x00007fff452bc000 	C:\WINDOWS\SYSTEM32\WINHTTP.dll
0x00007fff28470000 - 0x00007fff28481000 	C:\Program Files\Java\jdk-10.0.2\bin\nio.dll

dbghelp: loaded successfully - version: 4.0.5 - missing functions: none
symbol engine: initialized successfully - sym options: 0x614 - pdb path: .;C:\Program Files\Java\jdk-10.0.2\bin;C:\WINDOWS\SYSTEM32;C:\WINDOWS\WinSxS\amd64_microsoft.windows.common-controls_6595b64144ccf1df_6.0.17134.285_none_fb4297e330656775;C:\Program Files\Java\jdk-10.0.2\bin\server

VM Arguments:
jvm_args: -agentlib:jdwp=transport=dt_socket,address=127.0.0.1:64340,suspend=y,server=n -javaagent:C:\Users\Carlos-PC\.IntelliJIdea2018.2\system\captureAgent\debugger-agent.jar=file:/C:/Users/Carlos-PC/AppData/Local/Temp/capture.props -Dfile.encoding=UTF-8 
java_command: com.leetcode.firstbadversion.Main
java_class_path (initial): C:\Users\Carlos-PC\IdeaProjects\Algoritms\target\classes;C:\Program Files\JetBrains\IntelliJ IDEA 2018.2.4\lib\idea_rt.jar
Launcher Type: SUN_STANDARD

Logging:
Log output configuration:
#0: stdout all=warning uptime,level,tags
#1: stderr all=off uptime,level,tags

Environment Variables:
PATH=C:\Program Files (x86)\Google\Chrome\Application;C:\Program Files (x86)\NVIDIA Corporation\PhysX\Common;C:\ProgramData\Oracle\Java\javapath;C:\WINDOWS\system32;C:\WINDOWS;C:\WINDOWS\System32\Wbem;C:\WINDOWS\System32\WindowsPowerShell\v1.0\;C:\Program Files (x86)\Skype\Phone\;C:\WINDOWS\System32\OpenSSH\;C:\Users\Carlos-PC\AppData\Local\Microsoft\WindowsApps;
USERNAME=Carlos-PC
OS=Windows_NT
PROCESSOR_IDENTIFIER=Intel64 Family 6 Model 58 Stepping 9, GenuineIntel



---------------  S Y S T E M  ---------------

OS: Windows 10 , 64 bit Build 17134 (10.0.17134.1)

CPU:total 4 (initial active 4) (4 cores per cpu, 1 threads per core) family 6 model 58 stepping 9, cmov, cx8, fxsr, mmx, sse, sse2, sse3, ssse3, sse4.1, sse4.2, popcnt, avx, aes, clmul, erms, tsc, tscinvbit, tscinv

Memory: 4k page, physical 8333032k(3201072k free), swap 10954472k(1679552k free)

vm_info: Java HotSpot(TM) 64-Bit Server VM (10.0.2+13) for windows-amd64 JRE (10.0.2+13), built on Jun 28 2018 01:57:56 by "mach5one" with MS VC++ 12.0 (VS2013)

END.
