#
# A fatal error has been detected by the Java Runtime Environment:
#
#  Internal Error (t:/workspace/open/src/hotspot/share/oops/generateOopMap.cpp:2162), pid=10808, tid=9904
#  fatal error: Illegal class file encountered. Try running with -Xverify:all in method searchHalfs
#
# JRE version: Java(TM) SE Runtime Environment (10.0.2+13) (build 10.0.2+13)
# Java VM: Java HotSpot(TM) 64-Bit Server VM (10.0.2+13, mixed mode, tiered, compressed oops, g1 gc, windows-amd64)
# No core dump will be written. Minidumps are not enabled by default on client versions of Windows
#
# If you would like to submit a bug report, please visit:
#   http://bugreport.java.com/bugreport/crash.jsp
#

---------------  S U M M A R Y ------------

Command Line: -agentlib:jdwp=transport=dt_socket,address=127.0.0.1:64435,suspend=y,server=n -javaagent:C:\Users\Carlos-PC\.IntelliJIdea2018.2\system\captureAgent\debugger-agent.jar=file:/C:/Users/Carlos-PC/AppData/Local/Temp/capture.props -Dfile.encoding=UTF-8 com.leetcode.firstbadversion.Main

Host: Intel(R) Core(TM) i5-3570K CPU @ 3.40GHz, 4 cores, 7G,  Windows 10 , 64 bit Build 17134 (10.0.17134.1)
Time: Sun Sep 23 22:48:26 2018 GMT Daylight Time elapsed time: 452 seconds (0d 0h 7m 32s)

---------------  T H R E A D  ---------------

Current thread (0x00000210b89d0000):  VMThread "VM Thread" [stack: 0x000000f566a00000,0x000000f566b00000] [id=9904]

Stack: [0x000000f566a00000,0x000000f566b00000]
[error occurred during error reporting (printing stack bounds), id 0xe0000000]

Native frames: (J=compiled Java code, j=interpreted, Vv=VM code, C=native code)
V  [jvm.dll+0x5a01a9]
V  [jvm.dll+0x6bcf31]
V  [jvm.dll+0x6be126]
V  [jvm.dll+0x6be715]
V  [jvm.dll+0x6be6cb]
V  [jvm.dll+0x59f993]
V  [jvm.dll+0x59fda8]
C  [ntdll.dll+0x9ed2d]
C  [ntdll.dll+0x6c86]
C  [ntdll.dll+0x9dc5e]
C  0x00000210a2950ead

VM_Operation (0x000000f5673ff2f0): GetOrSetLocal, mode: safepoint, requested by thread 0x00000210b968a000


---------------  P R O C E S S  ---------------

Threads class SMR info:
_java_thread_list=0x00000210b955d280, length=14, elements={
0x00000210975c5800, 0x00000210b89d4800, 0x00000210b89d5800, 0x00000210b9352800,
0x00000210b9353000, 0x00000210b89f1000, 0x00000210b89f5800, 0x00000210b89fe800,
0x00000210b8a17800, 0x00000210b968a000, 0x00000210b96b4800, 0x00000210b9507800,
0x00000210b95e0800, 0x00000210b951c000
}

Java Threads: ( => current thread )
  0x00000210975c5800 JavaThread "main" [_thread_blocked, id=1964, stack(0x000000f565e00000,0x000000f565f00000)]
  0x00000210b89d4800 JavaThread "Reference Handler" daemon [_thread_blocked, id=8528, stack(0x000000f566b00000,0x000000f566c00000)]
  0x00000210b89d5800 JavaThread "Finalizer" daemon [_thread_blocked, id=13196, stack(0x000000f566c00000,0x000000f566d00000)]
  0x00000210b9352800 JavaThread "Signal Dispatcher" daemon [_thread_blocked, id=4260, stack(0x000000f566d00000,0x000000f566e00000)]
  0x00000210b9353000 JavaThread "Attach Listener" daemon [_thread_blocked, id=10284, stack(0x000000f566e00000,0x000000f566f00000)]
  0x00000210b89f1000 JavaThread "C2 CompilerThread0" daemon [_thread_blocked, id=10136, stack(0x000000f566f00000,0x000000f567000000)]
  0x00000210b89f5800 JavaThread "C2 CompilerThread1" daemon [_thread_blocked, id=11192, stack(0x000000f567000000,0x000000f567100000)]
  0x00000210b89fe800 JavaThread "C1 CompilerThread2" daemon [_thread_blocked, id=5716, stack(0x000000f567100000,0x000000f567200000)]
  0x00000210b8a17800 JavaThread "Sweeper thread" daemon [_thread_blocked, id=1912, stack(0x000000f567200000,0x000000f567300000)]
  0x00000210b968a000 JavaThread "JDWP Transport Listener: dt_socket" daemon [_thread_blocked, id=5556, stack(0x000000f567300000,0x000000f567400000)] _threads_hazard_ptr=0x00000210b955d280
  0x00000210b96b4800 JavaThread "JDWP Event Helper Thread" daemon [_thread_blocked, id=220, stack(0x000000f567400000,0x000000f567500000)]
  0x00000210b9507800 JavaThread "JDWP Command Reader" daemon [_thread_in_native, id=13152, stack(0x000000f567500000,0x000000f567600000)]
  0x00000210b95e0800 JavaThread "Common-Cleaner" daemon [_thread_blocked, id=9836, stack(0x000000f567600000,0x000000f567700000)]
  0x00000210b951c000 JavaThread "Service Thread" daemon [_thread_blocked, id=1160, stack(0x000000f567700000,0x000000f567800000)]

Other Threads:
=>0x00000210b89d0000 VMThread "VM Thread" [stack: 0x000000f566a00000,0x000000f566b00000] [id=9904]
  0x00000210b951d800 WatcherThread [stack: 0x000000f567800000,0x000000f567900000] [id=12352]
  0x00000210975df000 GCTaskThread "GC Thread#0" [stack: 0x000000f565f00000,0x000000f566000000] [id=7908]
  0x00000210975e0800 GCTaskThread "GC Thread#1" [stack: 0x000000f566000000,0x000000f566100000] [id=2892]
  0x00000210975e2800 GCTaskThread "GC Thread#2" [stack: 0x000000f566100000,0x000000f566200000] [id=4044]
  0x00000210975e4000 GCTaskThread "GC Thread#3" [stack: 0x000000f566200000,0x000000f566300000] [id=9244]
  0x000002109764d000 ConcurrentGCThread "G1 Main Marker" [stack: 0x000000f566300000,0x000000f566400000] [id=9432]
  0x0000021097653000 ConcurrentGCThread "G1 Conc#0" [stack: 0x000000f566400000,0x000000f566500000] [id=10272]
  0x00000210b8856800 ConcurrentGCThread "G1 Refine#0" [stack: 0x000000f566500000,0x000000f566600000] [id=2852]
  0x00000210b8857000 ConcurrentGCThread "G1 Refine#1" [stack: 0x000000f566600000,0x000000f566700000] [id=4836]
  0x00000210b8860000 ConcurrentGCThread "G1 Refine#2" [stack: 0x000000f566700000,0x000000f566800000] [id=7128]
  0x00000210b8863000 ConcurrentGCThread "G1 Refine#3" [stack: 0x000000f566800000,0x000000f566900000] [id=6944]
  0x00000210b8864000 ConcurrentGCThread "G1 Young RemSet Sampling" [stack: 0x000000f566900000,0x000000f566a00000] [id=7088]

Threads with active compile tasks:

VM state:at safepoint (normal execution)

VM Mutex/Monitor currently owned by a thread:  ([mutex/lock_event])
[0x00000210975c3c00] Threads_lock - owner thread: 0x00000210b89d0000

Heap address: 0x0000000080c00000, size: 2036 MB, Compressed Oops mode: 32-bit
Narrow klass base: 0x0000000000000000, Narrow klass shift: 3
Compressed class space size: 1073741824 Address: 0x0000000100000000

Heap:
 garbage-first heap   total 131072K, used 2048K [0x0000000080c00000, 0x0000000100000000)
  region size 1024K, 3 young (3072K), 0 survivors (0K)
 Metaspace       used 5163K, capacity 5264K, committed 5376K, reserved 1056768K
  class space    used 436K, capacity 496K, committed 512K, reserved 1048576K
Heap Regions: E=young(eden), S=young(survivor), O=old, HS=humongous(starts), HC=humongous(continues), CS=collection set, F=free, A=archive, TS=gc time stamp, AC=allocation context, TAMS=top-at-mark-start (previous, next)
|   0|0x0000000080c00000, 0x0000000080c00000, 0x0000000080d00000|  0%| F|  |TS  0|AC  0|TAMS 0x0000000080c00000, 0x0000000080c00000|
|   1|0x0000000080d00000, 0x0000000080d00000, 0x0000000080e00000|  0%| F|  |TS  0|AC  0|TAMS 0x0000000080d00000, 0x0000000080d00000|
|   2|0x0000000080e00000, 0x0000000080e00000, 0x0000000080f00000|  0%| F|  |TS  0|AC  0|TAMS 0x0000000080e00000, 0x0000000080e00000|
|   3|0x0000000080f00000, 0x0000000080f00000, 0x0000000081000000|  0%| F|  |TS  0|AC  0|TAMS 0x0000000080f00000, 0x0000000080f00000|
|   4|0x0000000081000000, 0x0000000081000000, 0x0000000081100000|  0%| F|  |TS  0|AC  0|TAMS 0x0000000081000000, 0x0000000081000000|
|   5|0x0000000081100000, 0x0000000081100000, 0x0000000081200000|  0%| F|  |TS  0|AC  0|TAMS 0x0000000081100000, 0x0000000081100000|
|   6|0x0000000081200000, 0x0000000081200000, 0x0000000081300000|  0%| F|  |TS  0|AC  0|TAMS 0x0000000081200000, 0x0000000081200000|
|   7|0x0000000081300000, 0x0000000081300000, 0x0000000081400000|  0%| F|  |TS  0|AC  0|TAMS 0x0000000081300000, 0x0000000081300000|
|   8|0x0000000081400000, 0x0000000081400000, 0x0000000081500000|  0%| F|  |TS  0|AC  0|TAMS 0x0000000081400000, 0x0000000081400000|
|   9|0x0000000081500000, 0x0000000081500000, 0x0000000081600000|  0%| F|  |TS  0|AC  0|TAMS 0x0000000081500000, 0x0000000081500000|
|  10|0x0000000081600000, 0x0000000081600000, 0x0000000081700000|  0%| F|  |TS  0|AC  0|TAMS 0x0000000081600000, 0x0000000081600000|
|  11|0x0000000081700000, 0x0000000081700000, 0x0000000081800000|  0%| F|  |TS  0|AC  0|TAMS 0x0000000081700000, 0x0000000081700000|
|  12|0x0000000081800000, 0x0000000081800000, 0x0000000081900000|  0%| F|  |TS  0|AC  0|TAMS 0x0000000081800000, 0x0000000081800000|
|  13|0x0000000081900000, 0x0000000081900000, 0x0000000081a00000|  0%| F|  |TS  0|AC  0|TAMS 0x0000000081900000, 0x0000000081900000|
|  14|0x0000000081a00000, 0x0000000081a00000, 0x0000000081b00000|  0%| F|  |TS  0|AC  0|TAMS 0x0000000081a00000, 0x0000000081a00000|
|  15|0x0000000081b00000, 0x0000000081b00000, 0x0000000081c00000|  0%| F|  |TS  0|AC  0|TAMS 0x0000000081b00000, 0x0000000081b00000|
|  16|0x0000000081c00000, 0x0000000081c00000, 0x0000000081d00000|  0%| F|  |TS  0|AC  0|TAMS 0x0000000081c00000, 0x0000000081c00000|
|  17|0x0000000081d00000, 0x0000000081d00000, 0x0000000081e00000|  0%| F|  |TS  0|AC  0|TAMS 0x0000000081d00000, 0x0000000081d00000|
|  18|0x0000000081e00000, 0x0000000081e00000, 0x0000000081f00000|  0%| F|  |TS  0|AC  0|TAMS 0x0000000081e00000, 0x0000000081e00000|
|  19|0x0000000081f00000, 0x0000000081f00000, 0x0000000082000000|  0%| F|  |TS  0|AC  0|TAMS 0x0000000081f00000, 0x0000000081f00000|
|  20|0x0000000082000000, 0x0000000082000000, 0x0000000082100000|  0%| F|  |TS  0|AC  0|TAMS 0x0000000082000000, 0x0000000082000000|
|  21|0x0000000082100000, 0x0000000082100000, 0x0000000082200000|  0%| F|  |TS  0|AC  0|TAMS 0x0000000082100000, 0x0000000082100000|
|  22|0x0000000082200000, 0x0000000082200000, 0x0000000082300000|  0%| F|  |TS  0|AC  0|TAMS 0x0000000082200000, 0x0000000082200000|
|  23|0x0000000082300000, 0x0000000082300000, 0x0000000082400000|  0%| F|  |TS  0|AC  0|TAMS 0x0000000082300000, 0x0000000082300000|
|  24|0x0000000082400000, 0x0000000082400000, 0x0000000082500000|  0%| F|  |TS  0|AC  0|TAMS 0x0000000082400000, 0x0000000082400000|
|  25|0x0000000082500000, 0x0000000082500000, 0x0000000082600000|  0%| F|  |TS  0|AC  0|TAMS 0x0000000082500000, 0x0000000082500000|
|  26|0x0000000082600000, 0x0000000082600000, 0x0000000082700000|  0%| F|  |TS  0|AC  0|TAMS 0x0000000082600000, 0x0000000082600000|
|  27|0x0000000082700000, 0x0000000082700000, 0x0000000082800000|  0%| F|  |TS  0|AC  0|TAMS 0x0000000082700000, 0x0000000082700000|
|  28|0x0000000082800000, 0x0000000082800000, 0x0000000082900000|  0%| F|  |TS  0|AC  0|TAMS 0x0000000082800000, 0x0000000082800000|
|  29|0x0000000082900000, 0x0000000082900000, 0x0000000082a00000|  0%| F|  |TS  0|AC  0|TAMS 0x0000000082900000, 0x0000000082900000|
|  30|0x0000000082a00000, 0x0000000082a00000, 0x0000000082b00000|  0%| F|  |TS  0|AC  0|TAMS 0x0000000082a00000, 0x0000000082a00000|
|  31|0x0000000082b00000, 0x0000000082b00000, 0x0000000082c00000|  0%| F|  |TS  0|AC  0|TAMS 0x0000000082b00000, 0x0000000082b00000|
|  32|0x0000000082c00000, 0x0000000082c00000, 0x0000000082d00000|  0%| F|  |TS  0|AC  0|TAMS 0x0000000082c00000, 0x0000000082c00000|
|  33|0x0000000082d00000, 0x0000000082d00000, 0x0000000082e00000|  0%| F|  |TS  0|AC  0|TAMS 0x0000000082d00000, 0x0000000082d00000|
|  34|0x0000000082e00000, 0x0000000082e00000, 0x0000000082f00000|  0%| F|  |TS  0|AC  0|TAMS 0x0000000082e00000, 0x0000000082e00000|
|  35|0x0000000082f00000, 0x0000000082f00000, 0x0000000083000000|  0%| F|  |TS  0|AC  0|TAMS 0x0000000082f00000, 0x0000000082f00000|
|  36|0x0000000083000000, 0x0000000083000000, 0x0000000083100000|  0%| F|  |TS  0|AC  0|TAMS 0x0000000083000000, 0x0000000083000000|
|  37|0x0000000083100000, 0x0000000083100000, 0x0000000083200000|  0%| F|  |TS  0|AC  0|TAMS 0x0000000083100000, 0x0000000083100000|
|  38|0x0000000083200000, 0x0000000083200000, 0x0000000083300000|  0%| F|  |TS  0|AC  0|TAMS 0x0000000083200000, 0x0000000083200000|
|  39|0x0000000083300000, 0x0000000083300000, 0x0000000083400000|  0%| F|  |TS  0|AC  0|TAMS 0x0000000083300000, 0x0000000083300000|
|  40|0x0000000083400000, 0x0000000083400000, 0x0000000083500000|  0%| F|  |TS  0|AC  0|TAMS 0x0000000083400000, 0x0000000083400000|
|  41|0x0000000083500000, 0x0000000083500000, 0x0000000083600000|  0%| F|  |TS  0|AC  0|TAMS 0x0000000083500000, 0x0000000083500000|
|  42|0x0000000083600000, 0x0000000083600000, 0x0000000083700000|  0%| F|  |TS  0|AC  0|TAMS 0x0000000083600000, 0x0000000083600000|
|  43|0x0000000083700000, 0x0000000083700000, 0x0000000083800000|  0%| F|  |TS  0|AC  0|TAMS 0x0000000083700000, 0x0000000083700000|
|  44|0x0000000083800000, 0x0000000083800000, 0x0000000083900000|  0%| F|  |TS  0|AC  0|TAMS 0x0000000083800000, 0x0000000083800000|
|  45|0x0000000083900000, 0x0000000083900000, 0x0000000083a00000|  0%| F|  |TS  0|AC  0|TAMS 0x0000000083900000, 0x0000000083900000|
|  46|0x0000000083a00000, 0x0000000083a00000, 0x0000000083b00000|  0%| F|  |TS  0|AC  0|TAMS 0x0000000083a00000, 0x0000000083a00000|
|  47|0x0000000083b00000, 0x0000000083b00000, 0x0000000083c00000|  0%| F|  |TS  0|AC  0|TAMS 0x0000000083b00000, 0x0000000083b00000|
|  48|0x0000000083c00000, 0x0000000083c00000, 0x0000000083d00000|  0%| F|  |TS  0|AC  0|TAMS 0x0000000083c00000, 0x0000000083c00000|
|  49|0x0000000083d00000, 0x0000000083d00000, 0x0000000083e00000|  0%| F|  |TS  0|AC  0|TAMS 0x0000000083d00000, 0x0000000083d00000|
|  50|0x0000000083e00000, 0x0000000083e00000, 0x0000000083f00000|  0%| F|  |TS  0|AC  0|TAMS 0x0000000083e00000, 0x0000000083e00000|
|  51|0x0000000083f00000, 0x0000000083f00000, 0x0000000084000000|  0%| F|  |TS  0|AC  0|TAMS 0x0000000083f00000, 0x0000000083f00000|
|  52|0x0000000084000000, 0x0000000084000000, 0x0000000084100000|  0%| F|  |TS  0|AC  0|TAMS 0x0000000084000000, 0x0000000084000000|
|  53|0x0000000084100000, 0x0000000084100000, 0x0000000084200000|  0%| F|  |TS  0|AC  0|TAMS 0x0000000084100000, 0x0000000084100000|
|  54|0x0000000084200000, 0x0000000084200000, 0x0000000084300000|  0%| F|  |TS  0|AC  0|TAMS 0x0000000084200000, 0x0000000084200000|
|  55|0x0000000084300000, 0x0000000084300000, 0x0000000084400000|  0%| F|  |TS  0|AC  0|TAMS 0x0000000084300000, 0x0000000084300000|
|  56|0x0000000084400000, 0x0000000084400000, 0x0000000084500000|  0%| F|  |TS  0|AC  0|TAMS 0x0000000084400000, 0x0000000084400000|
|  57|0x0000000084500000, 0x0000000084500000, 0x0000000084600000|  0%| F|  |TS  0|AC  0|TAMS 0x0000000084500000, 0x0000000084500000|
|  58|0x0000000084600000, 0x0000000084600000, 0x0000000084700000|  0%| F|  |TS  0|AC  0|TAMS 0x0000000084600000, 0x0000000084600000|
|  59|0x0000000084700000, 0x0000000084700000, 0x0000000084800000|  0%| F|  |TS  0|AC  0|TAMS 0x0000000084700000, 0x0000000084700000|
|  60|0x0000000084800000, 0x0000000084800000, 0x0000000084900000|  0%| F|  |TS  0|AC  0|TAMS 0x0000000084800000, 0x0000000084800000|
|  61|0x0000000084900000, 0x0000000084900000, 0x0000000084a00000|  0%| F|  |TS  0|AC  0|TAMS 0x0000000084900000, 0x0000000084900000|
|  62|0x0000000084a00000, 0x0000000084a00000, 0x0000000084b00000|  0%| F|  |TS  0|AC  0|TAMS 0x0000000084a00000, 0x0000000084a00000|
|  63|0x0000000084b00000, 0x0000000084b00000, 0x0000000084c00000|  0%| F|  |TS  0|AC  0|TAMS 0x0000000084b00000, 0x0000000084b00000|
|  64|0x0000000084c00000, 0x0000000084c00000, 0x0000000084d00000|  0%| F|  |TS  0|AC  0|TAMS 0x0000000084c00000, 0x0000000084c00000|
|  65|0x0000000084d00000, 0x0000000084d00000, 0x0000000084e00000|  0%| F|  |TS  0|AC  0|TAMS 0x0000000084d00000, 0x0000000084d00000|
|  66|0x0000000084e00000, 0x0000000084e00000, 0x0000000084f00000|  0%| F|  |TS  0|AC  0|TAMS 0x0000000084e00000, 0x0000000084e00000|
|  67|0x0000000084f00000, 0x0000000084f00000, 0x0000000085000000|  0%| F|  |TS  0|AC  0|TAMS 0x0000000084f00000, 0x0000000084f00000|
|  68|0x0000000085000000, 0x0000000085000000, 0x0000000085100000|  0%| F|  |TS  0|AC  0|TAMS 0x0000000085000000, 0x0000000085000000|
|  69|0x0000000085100000, 0x0000000085100000, 0x0000000085200000|  0%| F|  |TS  0|AC  0|TAMS 0x0000000085100000, 0x0000000085100000|
|  70|0x0000000085200000, 0x0000000085200000, 0x0000000085300000|  0%| F|  |TS  0|AC  0|TAMS 0x0000000085200000, 0x0000000085200000|
|  71|0x0000000085300000, 0x0000000085300000, 0x0000000085400000|  0%| F|  |TS  0|AC  0|TAMS 0x0000000085300000, 0x0000000085300000|
|  72|0x0000000085400000, 0x0000000085400000, 0x0000000085500000|  0%| F|  |TS  0|AC  0|TAMS 0x0000000085400000, 0x0000000085400000|
|  73|0x0000000085500000, 0x0000000085500000, 0x0000000085600000|  0%| F|  |TS  0|AC  0|TAMS 0x0000000085500000, 0x0000000085500000|
|  74|0x0000000085600000, 0x0000000085600000, 0x0000000085700000|  0%| F|  |TS  0|AC  0|TAMS 0x0000000085600000, 0x0000000085600000|
|  75|0x0000000085700000, 0x0000000085700000, 0x0000000085800000|  0%| F|  |TS  0|AC  0|TAMS 0x0000000085700000, 0x0000000085700000|
|  76|0x0000000085800000, 0x0000000085800000, 0x0000000085900000|  0%| F|  |TS  0|AC  0|TAMS 0x0000000085800000, 0x0000000085800000|
|  77|0x0000000085900000, 0x0000000085900000, 0x0000000085a00000|  0%| F|  |TS  0|AC  0|TAMS 0x0000000085900000, 0x0000000085900000|
|  78|0x0000000085a00000, 0x0000000085a00000, 0x0000000085b00000|  0%| F|  |TS  0|AC  0|TAMS 0x0000000085a00000, 0x0000000085a00000|
|  79|0x0000000085b00000, 0x0000000085b00000, 0x0000000085c00000|  0%| F|  |TS  0|AC  0|TAMS 0x0000000085b00000, 0x0000000085b00000|
|  80|0x0000000085c00000, 0x0000000085c00000, 0x0000000085d00000|  0%| F|  |TS  0|AC  0|TAMS 0x0000000085c00000, 0x0000000085c00000|
|  81|0x0000000085d00000, 0x0000000085d00000, 0x0000000085e00000|  0%| F|  |TS  0|AC  0|TAMS 0x0000000085d00000, 0x0000000085d00000|
|  82|0x0000000085e00000, 0x0000000085e00000, 0x0000000085f00000|  0%| F|  |TS  0|AC  0|TAMS 0x0000000085e00000, 0x0000000085e00000|
|  83|0x0000000085f00000, 0x0000000085f00000, 0x0000000086000000|  0%| F|  |TS  0|AC  0|TAMS 0x0000000085f00000, 0x0000000085f00000|
|  84|0x0000000086000000, 0x0000000086000000, 0x0000000086100000|  0%| F|  |TS  0|AC  0|TAMS 0x0000000086000000, 0x0000000086000000|
|  85|0x0000000086100000, 0x0000000086100000, 0x0000000086200000|  0%| F|  |TS  0|AC  0|TAMS 0x0000000086100000, 0x0000000086100000|
|  86|0x0000000086200000, 0x0000000086200000, 0x0000000086300000|  0%| F|  |TS  0|AC  0|TAMS 0x0000000086200000, 0x0000000086200000|
|  87|0x0000000086300000, 0x0000000086300000, 0x0000000086400000|  0%| F|  |TS  0|AC  0|TAMS 0x0000000086300000, 0x0000000086300000|
|  88|0x0000000086400000, 0x0000000086400000, 0x0000000086500000|  0%| F|  |TS  0|AC  0|TAMS 0x0000000086400000, 0x0000000086400000|
|  89|0x0000000086500000, 0x0000000086500000, 0x0000000086600000|  0%| F|  |TS  0|AC  0|TAMS 0x0000000086500000, 0x0000000086500000|
|  90|0x0000000086600000, 0x0000000086600000, 0x0000000086700000|  0%| F|  |TS  0|AC  0|TAMS 0x0000000086600000, 0x0000000086600000|
|  91|0x0000000086700000, 0x0000000086700000, 0x0000000086800000|  0%| F|  |TS  0|AC  0|TAMS 0x0000000086700000, 0x0000000086700000|
|  92|0x0000000086800000, 0x0000000086800000, 0x0000000086900000|  0%| F|  |TS  0|AC  0|TAMS 0x0000000086800000, 0x0000000086800000|
|  93|0x0000000086900000, 0x0000000086900000, 0x0000000086a00000|  0%| F|  |TS  0|AC  0|TAMS 0x0000000086900000, 0x0000000086900000|
|  94|0x0000000086a00000, 0x0000000086a00000, 0x0000000086b00000|  0%| F|  |TS  0|AC  0|TAMS 0x0000000086a00000, 0x0000000086a00000|
|  95|0x0000000086b00000, 0x0000000086b00000, 0x0000000086c00000|  0%| F|  |TS  0|AC  0|TAMS 0x0000000086b00000, 0x0000000086b00000|
|  96|0x0000000086c00000, 0x0000000086c00000, 0x0000000086d00000|  0%| F|  |TS  0|AC  0|TAMS 0x0000000086c00000, 0x0000000086c00000|
|  97|0x0000000086d00000, 0x0000000086d00000, 0x0000000086e00000|  0%| F|  |TS  0|AC  0|TAMS 0x0000000086d00000, 0x0000000086d00000|
|  98|0x0000000086e00000, 0x0000000086e00000, 0x0000000086f00000|  0%| F|  |TS  0|AC  0|TAMS 0x0000000086e00000, 0x0000000086e00000|
|  99|0x0000000086f00000, 0x0000000086f00000, 0x0000000087000000|  0%| F|  |TS  0|AC  0|TAMS 0x0000000086f00000, 0x0000000086f00000|
| 100|0x0000000087000000, 0x0000000087000000, 0x0000000087100000|  0%| F|  |TS  0|AC  0|TAMS 0x0000000087000000, 0x0000000087000000|
| 101|0x0000000087100000, 0x0000000087100000, 0x0000000087200000|  0%| F|  |TS  0|AC  0|TAMS 0x0000000087100000, 0x0000000087100000|
| 102|0x0000000087200000, 0x0000000087200000, 0x0000000087300000|  0%| F|  |TS  0|AC  0|TAMS 0x0000000087200000, 0x0000000087200000|
| 103|0x0000000087300000, 0x0000000087300000, 0x0000000087400000|  0%| F|  |TS  0|AC  0|TAMS 0x0000000087300000, 0x0000000087300000|
| 104|0x0000000087400000, 0x0000000087400000, 0x0000000087500000|  0%| F|  |TS  0|AC  0|TAMS 0x0000000087400000, 0x0000000087400000|
| 105|0x0000000087500000, 0x0000000087500000, 0x0000000087600000|  0%| F|  |TS  0|AC  0|TAMS 0x0000000087500000, 0x0000000087500000|
| 106|0x0000000087600000, 0x0000000087600000, 0x0000000087700000|  0%| F|  |TS  0|AC  0|TAMS 0x0000000087600000, 0x0000000087600000|
| 107|0x0000000087700000, 0x0000000087700000, 0x0000000087800000|  0%| F|  |TS  0|AC  0|TAMS 0x0000000087700000, 0x0000000087700000|
| 108|0x0000000087800000, 0x0000000087800000, 0x0000000087900000|  0%| F|  |TS  0|AC  0|TAMS 0x0000000087800000, 0x0000000087800000|
| 109|0x0000000087900000, 0x0000000087900000, 0x0000000087a00000|  0%| F|  |TS  0|AC  0|TAMS 0x0000000087900000, 0x0000000087900000|
| 110|0x0000000087a00000, 0x0000000087a00000, 0x0000000087b00000|  0%| F|  |TS  0|AC  0|TAMS 0x0000000087a00000, 0x0000000087a00000|
| 111|0x0000000087b00000, 0x0000000087b00000, 0x0000000087c00000|  0%| F|  |TS  0|AC  0|TAMS 0x0000000087b00000, 0x0000000087b00000|
| 112|0x0000000087c00000, 0x0000000087c00000, 0x0000000087d00000|  0%| F|  |TS  0|AC  0|TAMS 0x0000000087c00000, 0x0000000087c00000|
| 113|0x0000000087d00000, 0x0000000087d00000, 0x0000000087e00000|  0%| F|  |TS  0|AC  0|TAMS 0x0000000087d00000, 0x0000000087d00000|
| 114|0x0000000087e00000, 0x0000000087e00000, 0x0000000087f00000|  0%| F|  |TS  0|AC  0|TAMS 0x0000000087e00000, 0x0000000087e00000|
| 115|0x0000000087f00000, 0x0000000087f00000, 0x0000000088000000|  0%| F|  |TS  0|AC  0|TAMS 0x0000000087f00000, 0x0000000087f00000|
| 116|0x0000000088000000, 0x0000000088000000, 0x0000000088100000|  0%| F|  |TS  0|AC  0|TAMS 0x0000000088000000, 0x0000000088000000|
| 117|0x0000000088100000, 0x0000000088100000, 0x0000000088200000|  0%| F|  |TS  0|AC  0|TAMS 0x0000000088100000, 0x0000000088100000|
| 118|0x0000000088200000, 0x0000000088200000, 0x0000000088300000|  0%| F|  |TS  0|AC  0|TAMS 0x0000000088200000, 0x0000000088200000|
| 119|0x0000000088300000, 0x0000000088300000, 0x0000000088400000|  0%| F|  |TS  0|AC  0|TAMS 0x0000000088300000, 0x0000000088300000|
| 120|0x0000000088400000, 0x0000000088400000, 0x0000000088500000|  0%| F|  |TS  0|AC  0|TAMS 0x0000000088400000, 0x0000000088400000|
| 121|0x0000000088500000, 0x0000000088500000, 0x0000000088600000|  0%| F|  |TS  0|AC  0|TAMS 0x0000000088500000, 0x0000000088500000|
| 122|0x0000000088600000, 0x0000000088600000, 0x0000000088700000|  0%| F|  |TS  0|AC  0|TAMS 0x0000000088600000, 0x0000000088600000|
| 123|0x0000000088700000, 0x0000000088700000, 0x0000000088800000|  0%| F|  |TS  0|AC  0|TAMS 0x0000000088700000, 0x0000000088700000|
| 124|0x0000000088800000, 0x0000000088800000, 0x0000000088900000|  0%| F|  |TS  0|AC  0|TAMS 0x0000000088800000, 0x0000000088800000|
| 125|0x0000000088900000, 0x00000000889d8ad8, 0x0000000088a00000| 84%| E|  |TS  0|AC  0|TAMS 0x0000000088900000, 0x0000000088900000|
| 126|0x0000000088a00000, 0x0000000088b00000, 0x0000000088b00000|100%| E|CS|TS  0|AC  0|TAMS 0x0000000088a00000, 0x0000000088a00000|
| 127|0x0000000088b00000, 0x0000000088c00000, 0x0000000088c00000|100%| E|CS|TS  0|AC  0|TAMS 0x0000000088b00000, 0x0000000088b00000|

Card table byte_map: [0x00000210b1d50000,0x00000210b2150000] byte_map_base: 0x00000210b194a000

Marking Bits (Prev, Next): (CMBitMap*) 0x000002109764c140, (CMBitMap*) 0x000002109764c178
 Prev Bits: [0x00000210b2550000, 0x00000210b4520000)
 Next Bits: [0x00000210b4520000, 0x00000210b64f0000)

Polling page: 0x0000021095440000

CodeHeap 'non-profiled nmethods': size=120064Kb used=76Kb max_used=76Kb free=119987Kb
 bounds [0x00000210aa410000, 0x00000210aa680000, 0x00000210b1950000]
CodeHeap 'profiled nmethods': size=120000Kb used=266Kb max_used=266Kb free=119734Kb
 bounds [0x00000210a2ee0000, 0x00000210a3150000, 0x00000210aa410000]
CodeHeap 'non-nmethods': size=5696Kb used=1100Kb max_used=1112Kb free=4595Kb
 bounds [0x00000210a2950000, 0x00000210a2bc0000, 0x00000210a2ee0000]
 total_blobs=578 nmethods=206 adapters=207
 compilation: enabled

Compilation events (10 events):
Event: 0.298 Thread 0x00000210b89fe800  202       1       java.util.ArrayList$SubList::access$300 (5 bytes)
Event: 0.299 Thread 0x00000210b89fe800 nmethod 202 0x00000210aa422690 code [0x00000210aa422840, 0x00000210aa422938]
Event: 0.300 Thread 0x00000210b89fe800  203       3       java.lang.String::startsWith (138 bytes)
Event: 0.300 Thread 0x00000210b89fe800 nmethod 203 0x00000210a2f20f10 code [0x00000210a2f21160, 0x00000210a2f21b38]
Event: 0.300 Thread 0x00000210b89f5800  204       4       java.lang.String::charAt (25 bytes)
Event: 0.301 Thread 0x00000210b89f5800 nmethod 204 0x00000210aa422a10 code [0x00000210aa422ba0, 0x00000210aa422cf8]
Event: 0.307 Thread 0x00000210b89fe800  205       3       java.lang.String::charAt (25 bytes)
Event: 0.307 Thread 0x00000210b89fe800 nmethod 205 0x00000210a2f21e10 code [0x00000210a2f22020, 0x00000210a2f225a0]
Event: 0.308 Thread 0x00000210b89f1000  206       4       java.lang.StringLatin1::indexOf (61 bytes)
Event: 0.310 Thread 0x00000210b89f1000 nmethod 206 0x00000210aa422e10 code [0x00000210aa422fa0, 0x00000210aa423158]

GC Heap History (0 events):
No events

Deoptimization events (4 events):
Event: 0.221 Thread 0x00000210975c5800 Uncommon trap: reason=unstable_if action=reinterpret pc=0x00000210aa41db28 method=java.util.HashMap.putVal(ILjava/lang/Object;Ljava/lang/Object;ZZ)Ljava/lang/Object; @ 69 c2
Event: 0.243 Thread 0x00000210975c5800 Uncommon trap: reason=unstable_if action=reinterpret pc=0x00000210aa4136a4 method=java.lang.String.hashCode()I @ 14 c2
Event: 0.260 Thread 0x00000210975c5800 Uncommon trap: reason=unstable_if action=reinterpret pc=0x00000210aa415a7c method=java.lang.String.isLatin1()Z @ 10 c2
Event: 0.307 Thread 0x00000210975c5800 Uncommon trap: reason=unstable_if action=reinterpret pc=0x00000210aa422c7c method=java.lang.String.charAt(I)C @ 4 c2

Classes redefined (4 events):
Event: 69.812 Thread 0x00000210b89d0000 redefined class name=com.leetcode.firstbadversion.Solution, count=1
Event: 388.388 Thread 0x00000210b89d0000 redefined class name=com.leetcode.firstbadversion.Solution, count=2
Event: 405.348 Thread 0x00000210b89d0000 redefined class name=com.leetcode.firstbadversion.Solution, count=3
Event: 452.533 Thread 0x00000210b89d0000 redefined class name=com.leetcode.firstbadversion.Solution, count=4

Internal exceptions (0 events):
No events

Events (10 events):
Event: 452.533 Executing VM operation: RedefineClasses done
Event: 452.534 Executing VM operation: GetFrameCount
Event: 452.534 Executing VM operation: GetFrameCount done
Event: 452.535 Executing VM operation: GetFrameCount
Event: 452.535 Executing VM operation: GetFrameCount done
Event: 452.535 Executing VM operation: GetFrameLocation
Event: 452.535 Executing VM operation: GetFrameLocation done
Event: 452.535 Executing VM operation: GetFrameLocation
Event: 452.535 Executing VM operation: GetFrameLocation done
Event: 452.535 Executing VM operation: GetOrSetLocal


Dynamic libraries:
0x00007ff7cd000000 - 0x00007ff7cd03e000 	C:\Program Files\Java\jdk-10.0.2\bin\java.exe
0x00007fff4db50000 - 0x00007fff4dd31000 	C:\WINDOWS\SYSTEM32\ntdll.dll
0x00007fff4da30000 - 0x00007fff4dae2000 	C:\WINDOWS\System32\KERNEL32.DLL
0x00007fff49fa0000 - 0x00007fff4a213000 	C:\WINDOWS\System32\KERNELBASE.dll
0x00007fff4b210000 - 0x00007fff4b2b1000 	C:\WINDOWS\System32\ADVAPI32.dll
0x00007fff4d990000 - 0x00007fff4da2e000 	C:\WINDOWS\System32\msvcrt.dll
0x00007fff4b180000 - 0x00007fff4b1db000 	C:\WINDOWS\System32\sechost.dll
0x00007fff4bbb0000 - 0x00007fff4bcd4000 	C:\WINDOWS\System32\RPCRT4.dll
0x00007fff4b7f0000 - 0x00007fff4b980000 	C:\WINDOWS\System32\USER32.dll
0x00007fff4a930000 - 0x00007fff4a950000 	C:\WINDOWS\System32\win32u.dll
0x00007fff4b980000 - 0x00007fff4b9a8000 	C:\WINDOWS\System32\GDI32.dll
0x00007fff4aa50000 - 0x00007fff4abe2000 	C:\WINDOWS\System32\gdi32full.dll
0x00007fff4ade0000 - 0x00007fff4ae7f000 	C:\WINDOWS\System32\msvcp_win.dll
0x00007fff4a950000 - 0x00007fff4aa4a000 	C:\WINDOWS\System32\ucrtbase.dll
0x00007fff3e2c0000 - 0x00007fff3e529000 	C:\WINDOWS\WinSxS\amd64_microsoft.windows.common-controls_6595b64144ccf1df_6.0.17134.285_none_fb4297e330656775\COMCTL32.dll
0x00007fff4b460000 - 0x00007fff4b783000 	C:\WINDOWS\System32\combase.dll
0x00007fff4ae80000 - 0x00007fff4aefa000 	C:\WINDOWS\System32\bcryptPrimitives.dll
0x00007fff452e0000 - 0x00007fff452ea000 	C:\WINDOWS\SYSTEM32\VERSION.dll
0x00007fff4b1e0000 - 0x00007fff4b20d000 	C:\WINDOWS\System32\IMM32.DLL
0x00007fff24520000 - 0x00007fff2460f000 	C:\Program Files\Java\jdk-10.0.2\bin\msvcr120.dll
0x00007fff21c10000 - 0x00007fff21cb6000 	C:\Program Files\Java\jdk-10.0.2\bin\msvcp120.dll
0x000000005e560000 - 0x000000005efd0000 	C:\Program Files\Java\jdk-10.0.2\bin\server\jvm.dll
0x00007fff4d980000 - 0x00007fff4d988000 	C:\WINDOWS\System32\PSAPI.DLL
0x00007fff40d70000 - 0x00007fff40d79000 	C:\WINDOWS\SYSTEM32\WSOCK32.dll
0x00007fff4b110000 - 0x00007fff4b17c000 	C:\WINDOWS\System32\WS2_32.dll
0x00007fff48090000 - 0x00007fff480b3000 	C:\WINDOWS\SYSTEM32\WINMM.dll
0x00007fff48060000 - 0x00007fff4808a000 	C:\WINDOWS\SYSTEM32\winmmbase.dll
0x00007fff49ef0000 - 0x00007fff49f39000 	C:\WINDOWS\System32\cfgmgr32.dll
0x00007fff43ec0000 - 0x00007fff43ecf000 	C:\Program Files\Java\jdk-10.0.2\bin\verify.dll
0x00007fff384b0000 - 0x00007fff38679000 	C:\WINDOWS\SYSTEM32\DBGHELP.DLL
0x00007fff38480000 - 0x00007fff384a9000 	C:\WINDOWS\SYSTEM32\dbgcore.DLL
0x00007fff28b00000 - 0x00007fff28b27000 	C:\Program Files\Java\jdk-10.0.2\bin\java.dll
0x00007fff2f8f0000 - 0x00007fff2f926000 	C:\Program Files\Java\jdk-10.0.2\bin\jdwp.dll
0x00007fff244f0000 - 0x00007fff2451a000 	C:\Program Files\Java\jdk-10.0.2\bin\instrument.dll
0x00007fff28ae0000 - 0x00007fff28af6000 	C:\Program Files\Java\jdk-10.0.2\bin\zip.dll
0x00007fff40d80000 - 0x00007fff40d8a000 	C:\Program Files\Java\jdk-10.0.2\bin\jimage.dll
0x00007fff4c3a0000 - 0x00007fff4d7e0000 	C:\WINDOWS\System32\SHELL32.dll
0x00007fff4d8d0000 - 0x00007fff4d979000 	C:\WINDOWS\System32\shcore.dll
0x00007fff4a220000 - 0x00007fff4a92d000 	C:\WINDOWS\System32\windows.storage.dll
0x00007fff4b790000 - 0x00007fff4b7e1000 	C:\WINDOWS\System32\shlwapi.dll
0x00007fff49e90000 - 0x00007fff49ea1000 	C:\WINDOWS\System32\kernel.appcore.dll
0x00007fff49ed0000 - 0x00007fff49eef000 	C:\WINDOWS\System32\profapi.dll
0x00007fff49e40000 - 0x00007fff49e8c000 	C:\WINDOWS\System32\powrprof.dll
0x00007fff49e30000 - 0x00007fff49e3a000 	C:\WINDOWS\System32\FLTLIB.DLL
0x00007fff420a0000 - 0x00007fff420aa000 	C:\Program Files\Java\jdk-10.0.2\bin\dt_socket.dll
0x00007fff496b0000 - 0x00007fff49716000 	C:\WINDOWS\system32\mswsock.dll
0x00007fff28a90000 - 0x00007fff28aaa000 	C:\Program Files\Java\jdk-10.0.2\bin\net.dll
0x00007fff451e0000 - 0x00007fff452bc000 	C:\WINDOWS\SYSTEM32\WINHTTP.dll
0x00007fff28470000 - 0x00007fff28481000 	C:\Program Files\Java\jdk-10.0.2\bin\nio.dll

dbghelp: loaded successfully - version: 4.0.5 - missing functions: none
symbol engine: initialized successfully - sym options: 0x614 - pdb path: .;C:\Program Files\Java\jdk-10.0.2\bin;C:\WINDOWS\SYSTEM32;C:\WINDOWS\WinSxS\amd64_microsoft.windows.common-controls_6595b64144ccf1df_6.0.17134.285_none_fb4297e330656775;C:\Program Files\Java\jdk-10.0.2\bin\server

VM Arguments:
jvm_args: -agentlib:jdwp=transport=dt_socket,address=127.0.0.1:64435,suspend=y,server=n -javaagent:C:\Users\Carlos-PC\.IntelliJIdea2018.2\system\captureAgent\debugger-agent.jar=file:/C:/Users/Carlos-PC/AppData/Local/Temp/capture.props -Dfile.encoding=UTF-8 
java_command: com.leetcode.firstbadversion.Main
java_class_path (initial): C:\Users\Carlos-PC\IdeaProjects\Algoritms\target\classes;C:\Program Files\JetBrains\IntelliJ IDEA 2018.2.4\lib\idea_rt.jar
Launcher Type: SUN_STANDARD

Logging:
Log output configuration:
#0: stdout all=warning uptime,level,tags
#1: stderr all=off uptime,level,tags

Environment Variables:
PATH=C:\Program Files (x86)\Google\Chrome\Application;C:\Program Files (x86)\NVIDIA Corporation\PhysX\Common;C:\ProgramData\Oracle\Java\javapath;C:\WINDOWS\system32;C:\WINDOWS;C:\WINDOWS\System32\Wbem;C:\WINDOWS\System32\WindowsPowerShell\v1.0\;C:\Program Files (x86)\Skype\Phone\;C:\WINDOWS\System32\OpenSSH\;C:\Users\Carlos-PC\AppData\Local\Microsoft\WindowsApps;
USERNAME=Carlos-PC
OS=Windows_NT
PROCESSOR_IDENTIFIER=Intel64 Family 6 Model 58 Stepping 9, GenuineIntel



---------------  S Y S T E M  ---------------

OS: Windows 10 , 64 bit Build 17134 (10.0.17134.1)

CPU:total 4 (initial active 4) (4 cores per cpu, 1 threads per core) family 6 model 58 stepping 9, cmov, cx8, fxsr, mmx, sse, sse2, sse3, ssse3, sse4.1, sse4.2, popcnt, avx, aes, clmul, erms, tsc, tscinvbit, tscinv

Memory: 4k page, physical 8333032k(3019140k free), swap 10954472k(1850744k free)

vm_info: Java HotSpot(TM) 64-Bit Server VM (10.0.2+13) for windows-amd64 JRE (10.0.2+13), built on Jun 28 2018 01:57:56 by "mach5one" with MS VC++ 12.0 (VS2013)

END.
